{
	"/Users/itsina96/Desktop/criminal-appeals-fund/src/components/Navbar/Navbar.js": {
		"path": "/Users/itsina96/Desktop/criminal-appeals-fund/src/components/Navbar/Navbar.js",
		"statementMap": {
			"0": {
				"start": {
					"line": 6,
					"column": 18
				},
				"end": {
					"line": 29,
					"column": 3
				}
			},
			"1": {
				"start": {
					"line": 6,
					"column": 41
				},
				"end": {
					"line": 29,
					"column": 1
				}
			},
			"2": {
				"start": {
					"line": 31,
					"column": 15
				},
				"end": {
					"line": 55,
					"column": 1
				}
			},
			"3": {
				"start": {
					"line": 32,
					"column": 17
				},
				"end": {
					"line": 32,
					"column": 28
				}
			},
			"4": {
				"start": {
					"line": 34,
					"column": 1
				},
				"end": {
					"line": 54,
					"column": 3
				}
			},
			"5": {
				"start": {
					"line": 57,
					"column": 23
				},
				"end": {
					"line": 91,
					"column": 1
				}
			},
			"6": {
				"start": {
					"line": 58,
					"column": 17
				},
				"end": {
					"line": 58,
					"column": 28
				}
			},
			"7": {
				"start": {
					"line": 59,
					"column": 17
				},
				"end": {
					"line": 59,
					"column": 29
				}
			},
			"8": {
				"start": {
					"line": 61,
					"column": 23
				},
				"end": {
					"line": 64,
					"column": 2
				}
			},
			"9": {
				"start": {
					"line": 62,
					"column": 2
				},
				"end": {
					"line": 62,
					"column": 23
				}
			},
			"10": {
				"start": {
					"line": 63,
					"column": 2
				},
				"end": {
					"line": 63,
					"column": 20
				}
			},
			"11": {
				"start": {
					"line": 66,
					"column": 1
				},
				"end": {
					"line": 90,
					"column": 3
				}
			}
		},
		"fnMap": {
			"0": {
				"name": "(anonymous_0)",
				"decl": {
					"start": {
						"line": 6,
						"column": 29
					},
					"end": {
						"line": 6,
						"column": 30
					}
				},
				"loc": {
					"start": {
						"line": 6,
						"column": 41
					},
					"end": {
						"line": 29,
						"column": 1
					}
				},
				"line": 6
			},
			"1": {
				"name": "(anonymous_1)",
				"decl": {
					"start": {
						"line": 31,
						"column": 15
					},
					"end": {
						"line": 31,
						"column": 16
					}
				},
				"loc": {
					"start": {
						"line": 31,
						"column": 21
					},
					"end": {
						"line": 55,
						"column": 1
					}
				},
				"line": 31
			},
			"2": {
				"name": "(anonymous_2)",
				"decl": {
					"start": {
						"line": 57,
						"column": 23
					},
					"end": {
						"line": 57,
						"column": 24
					}
				},
				"loc": {
					"start": {
						"line": 57,
						"column": 29
					},
					"end": {
						"line": 91,
						"column": 1
					}
				},
				"line": 57
			},
			"3": {
				"name": "(anonymous_3)",
				"decl": {
					"start": {
						"line": 61,
						"column": 23
					},
					"end": {
						"line": 61,
						"column": 24
					}
				},
				"loc": {
					"start": {
						"line": 61,
						"column": 29
					},
					"end": {
						"line": 64,
						"column": 2
					}
				},
				"line": 61
			}
		},
		"branchMap": {},
		"s": {
			"0": 5,
			"1": 5,
			"2": 5,
			"3": 146,
			"4": 146,
			"5": 5,
			"6": 2,
			"7": 2,
			"8": 2,
			"9": 0,
			"10": 0,
			"11": 2
		},
		"f": {
			"0": 5,
			"1": 146,
			"2": 2,
			"3": 0
		},
		"b": {},
		"_coverageSchema": "43e27e138ebf9cfc5966b082cf9a028302ed4184",
		"hash": "51c8af5257407440d68eb76767649fad4f6646fa"
	},
	"/Users/itsina96/Desktop/criminal-appeals-fund/src/pages/LandingPage/LandingPage.style.js": {
		"path": "/Users/itsina96/Desktop/criminal-appeals-fund/src/pages/LandingPage/LandingPage.style.js",
		"statementMap": {
			"0": {
				"start": {
					"line": 3,
					"column": 0
				},
				"end": {
					"line": 3,
					"column": 35
				}
			},
			"1": {
				"start": {
					"line": 5,
					"column": 20
				},
				"end": {
					"line": 10,
					"column": 1
				}
			},
			"2": {
				"start": {
					"line": 12,
					"column": 22
				},
				"end": {
					"line": 15,
					"column": 1
				}
			},
			"3": {
				"start": {
					"line": 17,
					"column": 19
				},
				"end": {
					"line": 19,
					"column": 1
				}
			},
			"4": {
				"start": {
					"line": 20,
					"column": 20
				},
				"end": {
					"line": 20,
					"column": 36
				}
			},
			"5": {
				"start": {
					"line": 22,
					"column": 22
				},
				"end": {
					"line": 29,
					"column": 1
				}
			},
			"6": {
				"start": {
					"line": 30,
					"column": 21
				},
				"end": {
					"line": 35,
					"column": 1
				}
			},
			"7": {
				"start": {
					"line": 37,
					"column": 20
				},
				"end": {
					"line": 41,
					"column": 1
				}
			},
			"8": {
				"start": {
					"line": 43,
					"column": 26
				},
				"end": {
					"line": 46,
					"column": 1
				}
			},
			"9": {
				"start": {
					"line": 48,
					"column": 18
				},
				"end": {
					"line": 53,
					"column": 1
				}
			},
			"10": {
				"start": {
					"line": 55,
					"column": 17
				},
				"end": {
					"line": 58,
					"column": 1
				}
			},
			"11": {
				"start": {
					"line": 60,
					"column": 20
				},
				"end": {
					"line": 73,
					"column": 1
				}
			}
		},
		"fnMap": {},
		"branchMap": {},
		"s": {
			"0": 5,
			"1": 5,
			"2": 5,
			"3": 5,
			"4": 5,
			"5": 5,
			"6": 5,
			"7": 5,
			"8": 5,
			"9": 5,
			"10": 5,
			"11": 5
		},
		"f": {},
		"b": {},
		"_coverageSchema": "43e27e138ebf9cfc5966b082cf9a028302ed4184",
		"hash": "6302dfa20e0c9816ad999103e3d10036ce174d4d"
	},
	"/Users/itsina96/Desktop/criminal-appeals-fund/src/pages/LandingPage/LandingPage.js": {
		"path": "/Users/itsina96/Desktop/criminal-appeals-fund/src/pages/LandingPage/LandingPage.js",
		"statementMap": {
			"0": {
				"start": {
					"line": 23,
					"column": 18
				},
				"end": {
					"line": 28,
					"column": 3
				}
			},
			"1": {
				"start": {
					"line": 23,
					"column": 41
				},
				"end": {
					"line": 28,
					"column": 1
				}
			},
			"2": {
				"start": {
					"line": 30,
					"column": 20
				},
				"end": {
					"line": 117,
					"column": 1
				}
			},
			"3": {
				"start": {
					"line": 31,
					"column": 17
				},
				"end": {
					"line": 31,
					"column": 28
				}
			},
			"4": {
				"start": {
					"line": 32,
					"column": 13
				},
				"end": {
					"line": 32,
					"column": 21
				}
			},
			"5": {
				"start": {
					"line": 34,
					"column": 23
				},
				"end": {
					"line": 38,
					"column": 4
				}
			},
			"6": {
				"start": {
					"line": 35,
					"column": 2
				},
				"end": {
					"line": 38,
					"column": 4
				}
			},
			"7": {
				"start": {
					"line": 40,
					"column": 1
				},
				"end": {
					"line": 116,
					"column": 3
				}
			}
		},
		"fnMap": {
			"0": {
				"name": "(anonymous_0)",
				"decl": {
					"start": {
						"line": 23,
						"column": 29
					},
					"end": {
						"line": 23,
						"column": 30
					}
				},
				"loc": {
					"start": {
						"line": 23,
						"column": 41
					},
					"end": {
						"line": 28,
						"column": 1
					}
				},
				"line": 23
			},
			"1": {
				"name": "(anonymous_1)",
				"decl": {
					"start": {
						"line": 30,
						"column": 20
					},
					"end": {
						"line": 30,
						"column": 21
					}
				},
				"loc": {
					"start": {
						"line": 30,
						"column": 26
					},
					"end": {
						"line": 117,
						"column": 1
					}
				},
				"line": 30
			},
			"2": {
				"name": "(anonymous_2)",
				"decl": {
					"start": {
						"line": 34,
						"column": 23
					},
					"end": {
						"line": 34,
						"column": 24
					}
				},
				"loc": {
					"start": {
						"line": 35,
						"column": 2
					},
					"end": {
						"line": 38,
						"column": 4
					}
				},
				"line": 35
			}
		},
		"branchMap": {},
		"s": {
			"0": 5,
			"1": 4,
			"2": 5,
			"3": 8,
			"4": 8,
			"5": 8,
			"6": 0,
			"7": 8
		},
		"f": {
			"0": 4,
			"1": 8,
			"2": 0
		},
		"b": {},
		"_coverageSchema": "43e27e138ebf9cfc5966b082cf9a028302ed4184",
		"hash": "869d7d8e305a4b1caee070d2610fb94f611b412a"
	},
	"/Users/itsina96/Desktop/criminal-appeals-fund/src/StyledComponents/StyledComponents.style.js": {
		"path": "/Users/itsina96/Desktop/criminal-appeals-fund/src/StyledComponents/StyledComponents.style.js",
		"statementMap": {
			"0": {
				"start": {
					"line": 3,
					"column": 13
				},
				"end": {
					"line": 12,
					"column": 1
				}
			},
			"1": {
				"start": {
					"line": 14,
					"column": 18
				},
				"end": {
					"line": 17,
					"column": 1
				}
			},
			"2": {
				"start": {
					"line": 19,
					"column": 20
				},
				"end": {
					"line": 27,
					"column": 1
				}
			},
			"3": {
				"start": {
					"line": 29,
					"column": 19
				},
				"end": {
					"line": 36,
					"column": 1
				}
			}
		},
		"fnMap": {},
		"branchMap": {},
		"s": {
			"0": 5,
			"1": 5,
			"2": 5,
			"3": 5
		},
		"f": {},
		"b": {},
		"_coverageSchema": "43e27e138ebf9cfc5966b082cf9a028302ed4184",
		"hash": "bdb48dc1440b2486aa23f01fc4fc19676715b8a2"
	},
	"/Users/itsina96/Desktop/criminal-appeals-fund/src/utils/fetch.js": {
		"path": "/Users/itsina96/Desktop/criminal-appeals-fund/src/utils/fetch.js",
		"statementMap": {
			"0": {
				"start": {
					"line": 3,
					"column": 21
				},
				"end": {
					"line": 11,
					"column": 1
				}
			},
			"1": {
				"start": {
					"line": 4,
					"column": 1
				},
				"end": {
					"line": 10,
					"column": 40
				}
			},
			"2": {
				"start": {
					"line": 10,
					"column": 23
				},
				"end": {
					"line": 10,
					"column": 38
				}
			},
			"3": {
				"start": {
					"line": 13,
					"column": 20
				},
				"end": {
					"line": 23,
					"column": 1
				}
			},
			"4": {
				"start": {
					"line": 14,
					"column": 1
				},
				"end": {
					"line": 22,
					"column": 39
				}
			},
			"5": {
				"start": {
					"line": 22,
					"column": 22
				},
				"end": {
					"line": 22,
					"column": 37
				}
			},
			"6": {
				"start": {
					"line": 25,
					"column": 22
				},
				"end": {
					"line": 33,
					"column": 1
				}
			},
			"7": {
				"start": {
					"line": 26,
					"column": 1
				},
				"end": {
					"line": 32,
					"column": 40
				}
			},
			"8": {
				"start": {
					"line": 32,
					"column": 23
				},
				"end": {
					"line": 32,
					"column": 38
				}
			},
			"9": {
				"start": {
					"line": 36,
					"column": 23
				},
				"end": {
					"line": 51,
					"column": 1
				}
			},
			"10": {
				"start": {
					"line": 37,
					"column": 1
				},
				"end": {
					"line": 50,
					"column": 39
				}
			},
			"11": {
				"start": {
					"line": 50,
					"column": 22
				},
				"end": {
					"line": 50,
					"column": 37
				}
			}
		},
		"fnMap": {
			"0": {
				"name": "(anonymous_0)",
				"decl": {
					"start": {
						"line": 3,
						"column": 21
					},
					"end": {
						"line": 3,
						"column": 22
					}
				},
				"loc": {
					"start": {
						"line": 3,
						"column": 49
					},
					"end": {
						"line": 11,
						"column": 1
					}
				},
				"line": 3
			},
			"1": {
				"name": "(anonymous_1)",
				"decl": {
					"start": {
						"line": 10,
						"column": 9
					},
					"end": {
						"line": 10,
						"column": 10
					}
				},
				"loc": {
					"start": {
						"line": 10,
						"column": 23
					},
					"end": {
						"line": 10,
						"column": 38
					}
				},
				"line": 10
			},
			"2": {
				"name": "(anonymous_2)",
				"decl": {
					"start": {
						"line": 13,
						"column": 20
					},
					"end": {
						"line": 13,
						"column": 21
					}
				},
				"loc": {
					"start": {
						"line": 13,
						"column": 46
					},
					"end": {
						"line": 23,
						"column": 1
					}
				},
				"line": 13
			},
			"3": {
				"name": "(anonymous_3)",
				"decl": {
					"start": {
						"line": 22,
						"column": 8
					},
					"end": {
						"line": 22,
						"column": 9
					}
				},
				"loc": {
					"start": {
						"line": 22,
						"column": 22
					},
					"end": {
						"line": 22,
						"column": 37
					}
				},
				"line": 22
			},
			"4": {
				"name": "(anonymous_4)",
				"decl": {
					"start": {
						"line": 25,
						"column": 22
					},
					"end": {
						"line": 25,
						"column": 23
					}
				},
				"loc": {
					"start": {
						"line": 25,
						"column": 50
					},
					"end": {
						"line": 33,
						"column": 1
					}
				},
				"line": 25
			},
			"5": {
				"name": "(anonymous_5)",
				"decl": {
					"start": {
						"line": 32,
						"column": 9
					},
					"end": {
						"line": 32,
						"column": 10
					}
				},
				"loc": {
					"start": {
						"line": 32,
						"column": 23
					},
					"end": {
						"line": 32,
						"column": 38
					}
				},
				"line": 32
			},
			"6": {
				"name": "(anonymous_6)",
				"decl": {
					"start": {
						"line": 36,
						"column": 23
					},
					"end": {
						"line": 36,
						"column": 24
					}
				},
				"loc": {
					"start": {
						"line": 36,
						"column": 65
					},
					"end": {
						"line": 51,
						"column": 1
					}
				},
				"line": 36
			},
			"7": {
				"name": "(anonymous_7)",
				"decl": {
					"start": {
						"line": 50,
						"column": 8
					},
					"end": {
						"line": 50,
						"column": 9
					}
				},
				"loc": {
					"start": {
						"line": 50,
						"column": 22
					},
					"end": {
						"line": 50,
						"column": 37
					}
				},
				"line": 50
			}
		},
		"branchMap": {},
		"s": {
			"0": 5,
			"1": 0,
			"2": 0,
			"3": 5,
			"4": 2,
			"5": 0,
			"6": 5,
			"7": 3,
			"8": 3,
			"9": 5,
			"10": 0,
			"11": 0
		},
		"f": {
			"0": 0,
			"1": 0,
			"2": 2,
			"3": 0,
			"4": 3,
			"5": 3,
			"6": 0,
			"7": 0
		},
		"b": {},
		"_coverageSchema": "43e27e138ebf9cfc5966b082cf9a028302ed4184",
		"hash": "0ef3f1fa21f7212b3002002f5e13fd22484d2af6"
	},
	"/Users/itsina96/Desktop/criminal-appeals-fund/src/pages/LogInPage/LogInPage.js": {
		"path": "/Users/itsina96/Desktop/criminal-appeals-fund/src/pages/LogInPage/LogInPage.js",
		"statementMap": {
			"0": {
				"start": {
					"line": 9,
					"column": 18
				},
				"end": {
					"line": 17,
					"column": 3
				}
			},
			"1": {
				"start": {
					"line": 9,
					"column": 41
				},
				"end": {
					"line": 17,
					"column": 1
				}
			},
			"2": {
				"start": {
					"line": 19,
					"column": 18
				},
				"end": {
					"line": 100,
					"column": 1
				}
			},
			"3": {
				"start": {
					"line": 20,
					"column": 20
				},
				"end": {
					"line": 20,
					"column": 170
				}
			},
			"4": {
				"start": {
					"line": 21,
					"column": 17
				},
				"end": {
					"line": 21,
					"column": 28
				}
			},
			"5": {
				"start": {
					"line": 22,
					"column": 17
				},
				"end": {
					"line": 22,
					"column": 29
				}
			},
			"6": {
				"start": {
					"line": 23,
					"column": 28
				},
				"end": {
					"line": 23,
					"column": 71
				}
			},
			"7": {
				"start": {
					"line": 24,
					"column": 41
				},
				"end": {
					"line": 24,
					"column": 59
				}
			},
			"8": {
				"start": {
					"line": 26,
					"column": 27
				},
				"end": {
					"line": 30,
					"column": 2
				}
			},
			"9": {
				"start": {
					"line": 27,
					"column": 26
				},
				"end": {
					"line": 27,
					"column": 38
				}
			},
			"10": {
				"start": {
					"line": 28,
					"column": 2
				},
				"end": {
					"line": 28,
					"column": 22
				}
			},
			"11": {
				"start": {
					"line": 29,
					"column": 2
				},
				"end": {
					"line": 29,
					"column": 41
				}
			},
			"12": {
				"start": {
					"line": 32,
					"column": 22
				},
				"end": {
					"line": 48,
					"column": 2
				}
			},
			"13": {
				"start": {
					"line": 33,
					"column": 2
				},
				"end": {
					"line": 33,
					"column": 25
				}
			},
			"14": {
				"start": {
					"line": 34,
					"column": 2
				},
				"end": {
					"line": 47,
					"column": 3
				}
			},
			"15": {
				"start": {
					"line": 35,
					"column": 3
				},
				"end": {
					"line": 35,
					"column": 23
				}
			},
			"16": {
				"start": {
					"line": 36,
					"column": 3
				},
				"end": {
					"line": 44,
					"column": 6
				}
			},
			"17": {
				"start": {
					"line": 37,
					"column": 4
				},
				"end": {
					"line": 43,
					"column": 5
				}
			},
			"18": {
				"start": {
					"line": 38,
					"column": 23
				},
				"end": {
					"line": 38,
					"column": 39
				}
			},
			"19": {
				"start": {
					"line": 39,
					"column": 5
				},
				"end": {
					"line": 39,
					"column": 51
				}
			},
			"20": {
				"start": {
					"line": 40,
					"column": 5
				},
				"end": {
					"line": 40,
					"column": 30
				}
			},
			"21": {
				"start": {
					"line": 42,
					"column": 5
				},
				"end": {
					"line": 42,
					"column": 35
				}
			},
			"22": {
				"start": {
					"line": 46,
					"column": 3
				},
				"end": {
					"line": 46,
					"column": 67
				}
			},
			"23": {
				"start": {
					"line": 52,
					"column": 1
				},
				"end": {
					"line": 99,
					"column": 3
				}
			}
		},
		"fnMap": {
			"0": {
				"name": "(anonymous_0)",
				"decl": {
					"start": {
						"line": 9,
						"column": 29
					},
					"end": {
						"line": 9,
						"column": 30
					}
				},
				"loc": {
					"start": {
						"line": 9,
						"column": 41
					},
					"end": {
						"line": 17,
						"column": 1
					}
				},
				"line": 9
			},
			"1": {
				"name": "(anonymous_1)",
				"decl": {
					"start": {
						"line": 19,
						"column": 18
					},
					"end": {
						"line": 19,
						"column": 19
					}
				},
				"loc": {
					"start": {
						"line": 19,
						"column": 24
					},
					"end": {
						"line": 100,
						"column": 1
					}
				},
				"line": 19
			},
			"2": {
				"name": "(anonymous_2)",
				"decl": {
					"start": {
						"line": 26,
						"column": 27
					},
					"end": {
						"line": 26,
						"column": 28
					}
				},
				"loc": {
					"start": {
						"line": 26,
						"column": 38
					},
					"end": {
						"line": 30,
						"column": 2
					}
				},
				"line": 26
			},
			"3": {
				"name": "(anonymous_3)",
				"decl": {
					"start": {
						"line": 32,
						"column": 22
					},
					"end": {
						"line": 32,
						"column": 23
					}
				},
				"loc": {
					"start": {
						"line": 32,
						"column": 33
					},
					"end": {
						"line": 48,
						"column": 2
					}
				},
				"line": 32
			},
			"4": {
				"name": "(anonymous_4)",
				"decl": {
					"start": {
						"line": 36,
						"column": 50
					},
					"end": {
						"line": 36,
						"column": 51
					}
				},
				"loc": {
					"start": {
						"line": 36,
						"column": 60
					},
					"end": {
						"line": 44,
						"column": 4
					}
				},
				"line": 36
			}
		},
		"branchMap": {
			"0": {
				"loc": {
					"start": {
						"line": 34,
						"column": 2
					},
					"end": {
						"line": 47,
						"column": 3
					}
				},
				"type": "if",
				"locations": [
					{
						"start": {
							"line": 34,
							"column": 2
						},
						"end": {
							"line": 47,
							"column": 3
						}
					},
					{
						"start": {
							"line": 34,
							"column": 2
						},
						"end": {
							"line": 47,
							"column": 3
						}
					}
				],
				"line": 34
			},
			"1": {
				"loc": {
					"start": {
						"line": 34,
						"column": 6
					},
					"end": {
						"line": 34,
						"column": 57
					}
				},
				"type": "binary-expr",
				"locations": [
					{
						"start": {
							"line": 34,
							"column": 6
						},
						"end": {
							"line": 34,
							"column": 26
						}
					},
					{
						"start": {
							"line": 34,
							"column": 30
						},
						"end": {
							"line": 34,
							"column": 57
						}
					}
				],
				"line": 34
			},
			"2": {
				"loc": {
					"start": {
						"line": 37,
						"column": 4
					},
					"end": {
						"line": 43,
						"column": 5
					}
				},
				"type": "if",
				"locations": [
					{
						"start": {
							"line": 37,
							"column": 4
						},
						"end": {
							"line": 43,
							"column": 5
						}
					},
					{
						"start": {
							"line": 37,
							"column": 4
						},
						"end": {
							"line": 43,
							"column": 5
						}
					}
				],
				"line": 37
			},
			"3": {
				"loc": {
					"start": {
						"line": 67,
						"column": 12
					},
					"end": {
						"line": 67,
						"column": 69
					}
				},
				"type": "binary-expr",
				"locations": [
					{
						"start": {
							"line": 67,
							"column": 12
						},
						"end": {
							"line": 67,
							"column": 37
						}
					},
					{
						"start": {
							"line": 67,
							"column": 41
						},
						"end": {
							"line": 67,
							"column": 69
						}
					}
				],
				"line": 67
			},
			"4": {
				"loc": {
					"start": {
						"line": 69,
						"column": 6
					},
					"end": {
						"line": 71,
						"column": 11
					}
				},
				"type": "cond-expr",
				"locations": [
					{
						"start": {
							"line": 70,
							"column": 9
						},
						"end": {
							"line": 70,
							"column": 64
						}
					},
					{
						"start": {
							"line": 71,
							"column": 9
						},
						"end": {
							"line": 71,
							"column": 11
						}
					}
				],
				"line": 69
			},
			"5": {
				"loc": {
					"start": {
						"line": 69,
						"column": 6
					},
					"end": {
						"line": 69,
						"column": 50
					}
				},
				"type": "binary-expr",
				"locations": [
					{
						"start": {
							"line": 69,
							"column": 6
						},
						"end": {
							"line": 69,
							"column": 18
						}
					},
					{
						"start": {
							"line": 69,
							"column": 22
						},
						"end": {
							"line": 69,
							"column": 50
						}
					}
				],
				"line": 69
			},
			"6": {
				"loc": {
					"start": {
						"line": 84,
						"column": 12
					},
					"end": {
						"line": 84,
						"column": 61
					}
				},
				"type": "binary-expr",
				"locations": [
					{
						"start": {
							"line": 84,
							"column": 12
						},
						"end": {
							"line": 84,
							"column": 37
						}
					},
					{
						"start": {
							"line": 84,
							"column": 41
						},
						"end": {
							"line": 84,
							"column": 61
						}
					}
				],
				"line": 84
			},
			"7": {
				"loc": {
					"start": {
						"line": 95,
						"column": 6
					},
					"end": {
						"line": 95,
						"column": 38
					}
				},
				"type": "cond-expr",
				"locations": [
					{
						"start": {
							"line": 95,
							"column": 21
						},
						"end": {
							"line": 95,
							"column": 33
						}
					},
					{
						"start": {
							"line": 95,
							"column": 36
						},
						"end": {
							"line": 95,
							"column": 38
						}
					}
				],
				"line": 95
			}
		},
		"s": {
			"0": 5,
			"1": 3,
			"2": 5,
			"3": 138,
			"4": 138,
			"5": 138,
			"6": 138,
			"7": 138,
			"8": 138,
			"9": 64,
			"10": 64,
			"11": 64,
			"12": 138,
			"13": 3,
			"14": 3,
			"15": 3,
			"16": 3,
			"17": 3,
			"18": 1,
			"19": 1,
			"20": 1,
			"21": 2,
			"22": 0,
			"23": 138
		},
		"f": {
			"0": 3,
			"1": 138,
			"2": 64,
			"3": 3,
			"4": 3
		},
		"b": {
			"0": [3, 0],
			"1": [3, 3],
			"2": [1, 2],
			"3": [138, 4],
			"4": [0, 138],
			"5": [138, 4],
			"6": [138, 4],
			"7": [4, 134]
		},
		"_coverageSchema": "43e27e138ebf9cfc5966b082cf9a028302ed4184",
		"hash": "24328f062b6e40c3aab45190f526f72fbfbd4452"
	},
	"/Users/itsina96/Desktop/criminal-appeals-fund/src/components/SignUpForm/SignUpForm.js": {
		"path": "/Users/itsina96/Desktop/criminal-appeals-fund/src/components/SignUpForm/SignUpForm.js",
		"statementMap": {
			"0": {
				"start": {
					"line": 6,
					"column": 18
				},
				"end": {
					"line": 11,
					"column": 3
				}
			},
			"1": {
				"start": {
					"line": 6,
					"column": 41
				},
				"end": {
					"line": 11,
					"column": 1
				}
			},
			"2": {
				"start": {
					"line": 13,
					"column": 16
				},
				"end": {
					"line": 80,
					"column": 1
				}
			},
			"3": {
				"start": {
					"line": 14,
					"column": 17
				},
				"end": {
					"line": 14,
					"column": 28
				}
			},
			"4": {
				"start": {
					"line": 15,
					"column": 20
				},
				"end": {
					"line": 15,
					"column": 170
				}
			},
			"5": {
				"start": {
					"line": 17,
					"column": 1
				},
				"end": {
					"line": 79,
					"column": 3
				}
			},
			"6": {
				"start": {
					"line": 82,
					"column": 16
				},
				"end": {
					"line": 131,
					"column": 1
				}
			},
			"7": {
				"start": {
					"line": 89,
					"column": 17
				},
				"end": {
					"line": 89,
					"column": 28
				}
			},
			"8": {
				"start": {
					"line": 91,
					"column": 1
				},
				"end": {
					"line": 130,
					"column": 3
				}
			},
			"9": {
				"start": {
					"line": 133,
					"column": 16
				},
				"end": {
					"line": 146,
					"column": 1
				}
			},
			"10": {
				"start": {
					"line": 134,
					"column": 1
				},
				"end": {
					"line": 145,
					"column": 3
				}
			},
			"11": {
				"start": {
					"line": 140,
					"column": 20
				},
				"end": {
					"line": 140,
					"column": 33
				}
			}
		},
		"fnMap": {
			"0": {
				"name": "(anonymous_0)",
				"decl": {
					"start": {
						"line": 6,
						"column": 29
					},
					"end": {
						"line": 6,
						"column": 30
					}
				},
				"loc": {
					"start": {
						"line": 6,
						"column": 41
					},
					"end": {
						"line": 11,
						"column": 1
					}
				},
				"line": 6
			},
			"1": {
				"name": "(anonymous_1)",
				"decl": {
					"start": {
						"line": 13,
						"column": 16
					},
					"end": {
						"line": 13,
						"column": 17
					}
				},
				"loc": {
					"start": {
						"line": 13,
						"column": 60
					},
					"end": {
						"line": 80,
						"column": 1
					}
				},
				"line": 13
			},
			"2": {
				"name": "(anonymous_2)",
				"decl": {
					"start": {
						"line": 82,
						"column": 16
					},
					"end": {
						"line": 82,
						"column": 17
					}
				},
				"loc": {
					"start": {
						"line": 88,
						"column": 6
					},
					"end": {
						"line": 131,
						"column": 1
					}
				},
				"line": 88
			},
			"3": {
				"name": "(anonymous_3)",
				"decl": {
					"start": {
						"line": 133,
						"column": 16
					},
					"end": {
						"line": 133,
						"column": 17
					}
				},
				"loc": {
					"start": {
						"line": 133,
						"column": 37
					},
					"end": {
						"line": 146,
						"column": 1
					}
				},
				"line": 133
			},
			"4": {
				"name": "(anonymous_4)",
				"decl": {
					"start": {
						"line": 140,
						"column": 14
					},
					"end": {
						"line": 140,
						"column": 15
					}
				},
				"loc": {
					"start": {
						"line": 140,
						"column": 20
					},
					"end": {
						"line": 140,
						"column": 33
					}
				},
				"line": 140
			}
		},
		"branchMap": {
			"0": {
				"loc": {
					"start": {
						"line": 22,
						"column": 12
					},
					"end": {
						"line": 22,
						"column": 63
					}
				},
				"type": "binary-expr",
				"locations": [
					{
						"start": {
							"line": 22,
							"column": 12
						},
						"end": {
							"line": 22,
							"column": 37
						}
					},
					{
						"start": {
							"line": 22,
							"column": 41
						},
						"end": {
							"line": 22,
							"column": 63
						}
					}
				],
				"line": 22
			},
			"1": {
				"loc": {
					"start": {
						"line": 35,
						"column": 12
					},
					"end": {
						"line": 35,
						"column": 62
					}
				},
				"type": "binary-expr",
				"locations": [
					{
						"start": {
							"line": 35,
							"column": 12
						},
						"end": {
							"line": 35,
							"column": 37
						}
					},
					{
						"start": {
							"line": 35,
							"column": 41
						},
						"end": {
							"line": 35,
							"column": 62
						}
					}
				],
				"line": 35
			},
			"2": {
				"loc": {
					"start": {
						"line": 48,
						"column": 6
					},
					"end": {
						"line": 49,
						"column": 57
					}
				},
				"type": "binary-expr",
				"locations": [
					{
						"start": {
							"line": 48,
							"column": 6
						},
						"end": {
							"line": 48,
							"column": 31
						}
					},
					{
						"start": {
							"line": 49,
							"column": 7
						},
						"end": {
							"line": 49,
							"column": 24
						}
					},
					{
						"start": {
							"line": 49,
							"column": 28
						},
						"end": {
							"line": 49,
							"column": 56
						}
					}
				],
				"line": 48
			},
			"3": {
				"loc": {
					"start": {
						"line": 57,
						"column": 6
					},
					"end": {
						"line": 59,
						"column": 11
					}
				},
				"type": "cond-expr",
				"locations": [
					{
						"start": {
							"line": 58,
							"column": 9
						},
						"end": {
							"line": 58,
							"column": 51
						}
					},
					{
						"start": {
							"line": 59,
							"column": 9
						},
						"end": {
							"line": 59,
							"column": 11
						}
					}
				],
				"line": 57
			},
			"4": {
				"loc": {
					"start": {
						"line": 57,
						"column": 6
					},
					"end": {
						"line": 57,
						"column": 73
					}
				},
				"type": "binary-expr",
				"locations": [
					{
						"start": {
							"line": 57,
							"column": 6
						},
						"end": {
							"line": 57,
							"column": 18
						}
					},
					{
						"start": {
							"line": 57,
							"column": 23
						},
						"end": {
							"line": 57,
							"column": 40
						}
					},
					{
						"start": {
							"line": 57,
							"column": 44
						},
						"end": {
							"line": 57,
							"column": 72
						}
					}
				],
				"line": 57
			},
			"5": {
				"loc": {
					"start": {
						"line": 67,
						"column": 12
					},
					"end": {
						"line": 67,
						"column": 63
					}
				},
				"type": "binary-expr",
				"locations": [
					{
						"start": {
							"line": 67,
							"column": 12
						},
						"end": {
							"line": 67,
							"column": 37
						}
					},
					{
						"start": {
							"line": 67,
							"column": 41
						},
						"end": {
							"line": 67,
							"column": 63
						}
					}
				],
				"line": 67
			},
			"6": {
				"loc": {
					"start": {
						"line": 97,
						"column": 6
					},
					"end": {
						"line": 98,
						"column": 64
					}
				},
				"type": "binary-expr",
				"locations": [
					{
						"start": {
							"line": 97,
							"column": 6
						},
						"end": {
							"line": 97,
							"column": 31
						}
					},
					{
						"start": {
							"line": 98,
							"column": 7
						},
						"end": {
							"line": 98,
							"column": 27
						}
					},
					{
						"start": {
							"line": 98,
							"column": 31
						},
						"end": {
							"line": 98,
							"column": 63
						}
					}
				],
				"line": 97
			},
			"7": {
				"loc": {
					"start": {
						"line": 116,
						"column": 6
					},
					"end": {
						"line": 117,
						"column": 65
					}
				},
				"type": "binary-expr",
				"locations": [
					{
						"start": {
							"line": 116,
							"column": 6
						},
						"end": {
							"line": 116,
							"column": 31
						}
					},
					{
						"start": {
							"line": 117,
							"column": 7
						},
						"end": {
							"line": 117,
							"column": 28
						}
					},
					{
						"start": {
							"line": 117,
							"column": 32
						},
						"end": {
							"line": 117,
							"column": 64
						}
					}
				],
				"line": 116
			},
			"8": {
				"loc": {
					"start": {
						"line": 119,
						"column": 17
					},
					"end": {
						"line": 119,
						"column": 71
					}
				},
				"type": "cond-expr",
				"locations": [
					{
						"start": {
							"line": 119,
							"column": 32
						},
						"end": {
							"line": 119,
							"column": 66
						}
					},
					{
						"start": {
							"line": 119,
							"column": 69
						},
						"end": {
							"line": 119,
							"column": 71
						}
					}
				],
				"line": 119
			}
		},
		"s": {
			"0": 5,
			"1": 0,
			"2": 5,
			"3": 0,
			"4": 0,
			"5": 0,
			"6": 5,
			"7": 0,
			"8": 0,
			"9": 5,
			"10": 0,
			"11": 0
		},
		"f": {
			"0": 0,
			"1": 0,
			"2": 0,
			"3": 0,
			"4": 0
		},
		"b": {
			"0": [0, 0],
			"1": [0, 0],
			"2": [0, 0, 0],
			"3": [0, 0],
			"4": [0, 0, 0],
			"5": [0, 0],
			"6": [0, 0, 0],
			"7": [0, 0, 0],
			"8": [0, 0]
		},
		"_coverageSchema": "43e27e138ebf9cfc5966b082cf9a028302ed4184",
		"hash": "46e88e612e55c447e27607dc50652d0ae8dffb23"
	},
	"/Users/itsina96/Desktop/criminal-appeals-fund/src/utils/cloudinary.js": {
		"path": "/Users/itsina96/Desktop/criminal-appeals-fund/src/utils/cloudinary.js",
		"statementMap": {
			"0": {
				"start": {
					"line": 3,
					"column": 12
				},
				"end": {
					"line": 7,
					"column": 1
				}
			},
			"1": {
				"start": {
					"line": 4,
					"column": 19
				},
				"end": {
					"line": 4,
					"column": 50
				}
			},
			"2": {
				"start": {
					"line": 5,
					"column": 12
				},
				"end": {
					"line": 5,
					"column": 32
				}
			},
			"3": {
				"start": {
					"line": 6,
					"column": 1
				},
				"end": {
					"line": 6,
					"column": 36
				}
			},
			"4": {
				"start": {
					"line": 9,
					"column": 25
				},
				"end": {
					"line": 12,
					"column": 1
				}
			},
			"5": {
				"start": {
					"line": 10,
					"column": 19
				},
				"end": {
					"line": 10,
					"column": 50
				}
			},
			"6": {
				"start": {
					"line": 11,
					"column": 1
				},
				"end": {
					"line": 11,
					"column": 57
				}
			},
			"7": {
				"start": {
					"line": 15,
					"column": 17
				},
				"end": {
					"line": 20,
					"column": 2
				}
			},
			"8": {
				"start": {
					"line": 22,
					"column": 17
				},
				"end": {
					"line": 22,
					"column": 50
				}
			},
			"9": {
				"start": {
					"line": 24,
					"column": 1
				},
				"end": {
					"line": 31,
					"column": 36
				}
			},
			"10": {
				"start": {
					"line": 25,
					"column": 17
				},
				"end": {
					"line": 25,
					"column": 27
				}
			},
			"11": {
				"start": {
					"line": 27,
					"column": 3
				},
				"end": {
					"line": 29,
					"column": 8
				}
			},
			"12": {
				"start": {
					"line": 28,
					"column": 55
				},
				"end": {
					"line": 28,
					"column": 70
				}
			},
			"13": {
				"start": {
					"line": 31,
					"column": 18
				},
				"end": {
					"line": 31,
					"column": 34
				}
			}
		},
		"fnMap": {
			"0": {
				"name": "(anonymous_0)",
				"decl": {
					"start": {
						"line": 3,
						"column": 12
					},
					"end": {
						"line": 3,
						"column": 13
					}
				},
				"loc": {
					"start": {
						"line": 3,
						"column": 35
					},
					"end": {
						"line": 7,
						"column": 1
					}
				},
				"line": 3
			},
			"1": {
				"name": "(anonymous_1)",
				"decl": {
					"start": {
						"line": 9,
						"column": 25
					},
					"end": {
						"line": 9,
						"column": 26
					}
				},
				"loc": {
					"start": {
						"line": 9,
						"column": 48
					},
					"end": {
						"line": 12,
						"column": 1
					}
				},
				"line": 9
			},
			"2": {
				"name": "fetchPhotos",
				"decl": {
					"start": {
						"line": 14,
						"column": 22
					},
					"end": {
						"line": 14,
						"column": 33
					}
				},
				"loc": {
					"start": {
						"line": 14,
						"column": 52
					},
					"end": {
						"line": 32,
						"column": 1
					}
				},
				"line": 14
			},
			"3": {
				"name": "(anonymous_3)",
				"decl": {
					"start": {
						"line": 25,
						"column": 8
					},
					"end": {
						"line": 25,
						"column": 9
					}
				},
				"loc": {
					"start": {
						"line": 25,
						"column": 17
					},
					"end": {
						"line": 25,
						"column": 27
					}
				},
				"line": 25
			},
			"4": {
				"name": "(anonymous_4)",
				"decl": {
					"start": {
						"line": 26,
						"column": 8
					},
					"end": {
						"line": 26,
						"column": 9
					}
				},
				"loc": {
					"start": {
						"line": 27,
						"column": 3
					},
					"end": {
						"line": 29,
						"column": 8
					}
				},
				"line": 27
			},
			"5": {
				"name": "(anonymous_5)",
				"decl": {
					"start": {
						"line": 28,
						"column": 44
					},
					"end": {
						"line": 28,
						"column": 45
					}
				},
				"loc": {
					"start": {
						"line": 28,
						"column": 55
					},
					"end": {
						"line": 28,
						"column": 70
					}
				},
				"line": 28
			},
			"6": {
				"name": "(anonymous_6)",
				"decl": {
					"start": {
						"line": 31,
						"column": 9
					},
					"end": {
						"line": 31,
						"column": 10
					}
				},
				"loc": {
					"start": {
						"line": 31,
						"column": 18
					},
					"end": {
						"line": 31,
						"column": 34
					}
				},
				"line": 31
			}
		},
		"branchMap": {
			"0": {
				"loc": {
					"start": {
						"line": 27,
						"column": 3
					},
					"end": {
						"line": 29,
						"column": 8
					}
				},
				"type": "cond-expr",
				"locations": [
					{
						"start": {
							"line": 28,
							"column": 6
						},
						"end": {
							"line": 28,
							"column": 72
						}
					},
					{
						"start": {
							"line": 29,
							"column": 6
						},
						"end": {
							"line": 29,
							"column": 8
						}
					}
				],
				"line": 27
			}
		},
		"s": {
			"0": 5,
			"1": 0,
			"2": 0,
			"3": 0,
			"4": 5,
			"5": 0,
			"6": 0,
			"7": 0,
			"8": 0,
			"9": 0,
			"10": 0,
			"11": 0,
			"12": 0,
			"13": 0
		},
		"f": {
			"0": 0,
			"1": 0,
			"2": 0,
			"3": 0,
			"4": 0,
			"5": 0,
			"6": 0
		},
		"b": {
			"0": [0, 0]
		},
		"_coverageSchema": "43e27e138ebf9cfc5966b082cf9a028302ed4184",
		"hash": "3e33b975b0c89262b2be0571b08f379d36354234"
	},
	"/Users/itsina96/Desktop/criminal-appeals-fund/src/pages/SignUpPage/SignUpPage.js": {
		"path": "/Users/itsina96/Desktop/criminal-appeals-fund/src/pages/SignUpPage/SignUpPage.js",
		"statementMap": {
			"0": {
				"start": {
					"line": 19,
					"column": 18
				},
				"end": {
					"line": 31,
					"column": 2
				}
			},
			"1": {
				"start": {
					"line": 33,
					"column": 19
				},
				"end": {
					"line": 205,
					"column": 1
				}
			},
			"2": {
				"start": {
					"line": 34,
					"column": 20
				},
				"end": {
					"line": 34,
					"column": 170
				}
			},
			"3": {
				"start": {
					"line": 35,
					"column": 17
				},
				"end": {
					"line": 35,
					"column": 29
				}
			},
			"4": {
				"start": {
					"line": 36,
					"column": 17
				},
				"end": {
					"line": 36,
					"column": 28
				}
			},
			"5": {
				"start": {
					"line": 37,
					"column": 37
				},
				"end": {
					"line": 37,
					"column": 54
				}
			},
			"6": {
				"start": {
					"line": 38,
					"column": 41
				},
				"end": {
					"line": 38,
					"column": 59
				}
			},
			"7": {
				"start": {
					"line": 40,
					"column": 45
				},
				"end": {
					"line": 40,
					"column": 63
				}
			},
			"8": {
				"start": {
					"line": 41,
					"column": 28
				},
				"end": {
					"line": 48,
					"column": 3
				}
			},
			"9": {
				"start": {
					"line": 49,
					"column": 41
				},
				"end": {
					"line": 49,
					"column": 62
				}
			},
			"10": {
				"start": {
					"line": 51,
					"column": 21
				},
				"end": {
					"line": 67,
					"column": 2
				}
			},
			"11": {
				"start": {
					"line": 52,
					"column": 24
				},
				"end": {
					"line": 56,
					"column": 3
				}
			},
			"12": {
				"start": {
					"line": 58,
					"column": 2
				},
				"end": {
					"line": 66,
					"column": 5
				}
			},
			"13": {
				"start": {
					"line": 59,
					"column": 3
				},
				"end": {
					"line": 65,
					"column": 4
				}
			},
			"14": {
				"start": {
					"line": 60,
					"column": 4
				},
				"end": {
					"line": 62,
					"column": 5
				}
			},
			"15": {
				"start": {
					"line": 61,
					"column": 5
				},
				"end": {
					"line": 61,
					"column": 27
				}
			},
			"16": {
				"start": {
					"line": 64,
					"column": 4
				},
				"end": {
					"line": 64,
					"column": 23
				}
			},
			"17": {
				"start": {
					"line": 69,
					"column": 24
				},
				"end": {
					"line": 73,
					"column": 2
				}
			},
			"18": {
				"start": {
					"line": 70,
					"column": 26
				},
				"end": {
					"line": 70,
					"column": 38
				}
			},
			"19": {
				"start": {
					"line": 71,
					"column": 2
				},
				"end": {
					"line": 71,
					"column": 22
				}
			},
			"20": {
				"start": {
					"line": 72,
					"column": 2
				},
				"end": {
					"line": 72,
					"column": 41
				}
			},
			"21": {
				"start": {
					"line": 75,
					"column": 36
				},
				"end": {
					"line": 79,
					"column": 2
				}
			},
			"22": {
				"start": {
					"line": 76,
					"column": 20
				},
				"end": {
					"line": 76,
					"column": 32
				}
			},
			"23": {
				"start": {
					"line": 77,
					"column": 2
				},
				"end": {
					"line": 77,
					"column": 22
				}
			},
			"24": {
				"start": {
					"line": 78,
					"column": 2
				},
				"end": {
					"line": 78,
					"column": 27
				}
			},
			"25": {
				"start": {
					"line": 81,
					"column": 20
				},
				"end": {
					"line": 101,
					"column": 2
				}
			},
			"26": {
				"start": {
					"line": 82,
					"column": 2
				},
				"end": {
					"line": 100,
					"column": 3
				}
			},
			"27": {
				"start": {
					"line": 89,
					"column": 3
				},
				"end": {
					"line": 89,
					"column": 23
				}
			},
			"28": {
				"start": {
					"line": 90,
					"column": 3
				},
				"end": {
					"line": 90,
					"column": 57
				}
			},
			"29": {
				"start": {
					"line": 90,
					"column": 37
				},
				"end": {
					"line": 90,
					"column": 55
				}
			},
			"30": {
				"start": {
					"line": 91,
					"column": 9
				},
				"end": {
					"line": 100,
					"column": 3
				}
			},
			"31": {
				"start": {
					"line": 96,
					"column": 3
				},
				"end": {
					"line": 96,
					"column": 23
				}
			},
			"32": {
				"start": {
					"line": 97,
					"column": 3
				},
				"end": {
					"line": 97,
					"column": 57
				}
			},
			"33": {
				"start": {
					"line": 97,
					"column": 37
				},
				"end": {
					"line": 97,
					"column": 55
				}
			},
			"34": {
				"start": {
					"line": 99,
					"column": 3
				},
				"end": {
					"line": 99,
					"column": 72
				}
			},
			"35": {
				"start": {
					"line": 103,
					"column": 20
				},
				"end": {
					"line": 106,
					"column": 2
				}
			},
			"36": {
				"start": {
					"line": 104,
					"column": 2
				},
				"end": {
					"line": 104,
					"column": 22
				}
			},
			"37": {
				"start": {
					"line": 105,
					"column": 2
				},
				"end": {
					"line": 105,
					"column": 56
				}
			},
			"38": {
				"start": {
					"line": 105,
					"column": 36
				},
				"end": {
					"line": 105,
					"column": 54
				}
			},
			"39": {
				"start": {
					"line": 108,
					"column": 22
				},
				"end": {
					"line": 119,
					"column": 2
				}
			},
			"40": {
				"start": {
					"line": 109,
					"column": 2
				},
				"end": {
					"line": 109,
					"column": 25
				}
			},
			"41": {
				"start": {
					"line": 110,
					"column": 2
				},
				"end": {
					"line": 118,
					"column": 3
				}
			},
			"42": {
				"start": {
					"line": 111,
					"column": 3
				},
				"end": {
					"line": 115,
					"column": 6
				}
			},
			"43": {
				"start": {
					"line": 112,
					"column": 22
				},
				"end": {
					"line": 112,
					"column": 42
				}
			},
			"44": {
				"start": {
					"line": 113,
					"column": 4
				},
				"end": {
					"line": 113,
					"column": 50
				}
			},
			"45": {
				"start": {
					"line": 114,
					"column": 4
				},
				"end": {
					"line": 114,
					"column": 29
				}
			},
			"46": {
				"start": {
					"line": 117,
					"column": 3
				},
				"end": {
					"line": 117,
					"column": 61
				}
			},
			"47": {
				"start": {
					"line": 121,
					"column": 21
				},
				"end": {
					"line": 129,
					"column": 2
				}
			},
			"48": {
				"start": {
					"line": 122,
					"column": 2
				},
				"end": {
					"line": 128,
					"column": 3
				}
			},
			"49": {
				"start": {
					"line": 123,
					"column": 3
				},
				"end": {
					"line": 127,
					"column": 4
				}
			},
			"50": {
				"start": {
					"line": 124,
					"column": 4
				},
				"end": {
					"line": 124,
					"column": 19
				}
			},
			"51": {
				"start": {
					"line": 126,
					"column": 4
				},
				"end": {
					"line": 126,
					"column": 17
				}
			},
			"52": {
				"start": {
					"line": 131,
					"column": 1
				},
				"end": {
					"line": 134,
					"column": 8
				}
			},
			"53": {
				"start": {
					"line": 132,
					"column": 2
				},
				"end": {
					"line": 132,
					"column": 48
				}
			},
			"54": {
				"start": {
					"line": 133,
					"column": 2
				},
				"end": {
					"line": 133,
					"column": 64
				}
			},
			"55": {
				"start": {
					"line": 133,
					"column": 15
				},
				"end": {
					"line": 133,
					"column": 63
				}
			},
			"56": {
				"start": {
					"line": 136,
					"column": 1
				},
				"end": {
					"line": 204,
					"column": 3
				}
			}
		},
		"fnMap": {
			"0": {
				"name": "(anonymous_0)",
				"decl": {
					"start": {
						"line": 33,
						"column": 19
					},
					"end": {
						"line": 33,
						"column": 20
					}
				},
				"loc": {
					"start": {
						"line": 33,
						"column": 25
					},
					"end": {
						"line": 205,
						"column": 1
					}
				},
				"line": 33
			},
			"1": {
				"name": "(anonymous_1)",
				"decl": {
					"start": {
						"line": 51,
						"column": 21
					},
					"end": {
						"line": 51,
						"column": 22
					}
				},
				"loc": {
					"start": {
						"line": 51,
						"column": 27
					},
					"end": {
						"line": 67,
						"column": 2
					}
				},
				"line": 51
			},
			"2": {
				"name": "(anonymous_2)",
				"decl": {
					"start": {
						"line": 58,
						"column": 34
					},
					"end": {
						"line": 58,
						"column": 35
					}
				},
				"loc": {
					"start": {
						"line": 58,
						"column": 53
					},
					"end": {
						"line": 66,
						"column": 3
					}
				},
				"line": 58
			},
			"3": {
				"name": "(anonymous_3)",
				"decl": {
					"start": {
						"line": 69,
						"column": 24
					},
					"end": {
						"line": 69,
						"column": 25
					}
				},
				"loc": {
					"start": {
						"line": 69,
						"column": 35
					},
					"end": {
						"line": 73,
						"column": 2
					}
				},
				"line": 69
			},
			"4": {
				"name": "(anonymous_4)",
				"decl": {
					"start": {
						"line": 75,
						"column": 36
					},
					"end": {
						"line": 75,
						"column": 37
					}
				},
				"loc": {
					"start": {
						"line": 75,
						"column": 47
					},
					"end": {
						"line": 79,
						"column": 2
					}
				},
				"line": 75
			},
			"5": {
				"name": "(anonymous_5)",
				"decl": {
					"start": {
						"line": 81,
						"column": 20
					},
					"end": {
						"line": 81,
						"column": 21
					}
				},
				"loc": {
					"start": {
						"line": 81,
						"column": 26
					},
					"end": {
						"line": 101,
						"column": 2
					}
				},
				"line": 81
			},
			"6": {
				"name": "(anonymous_6)",
				"decl": {
					"start": {
						"line": 90,
						"column": 17
					},
					"end": {
						"line": 90,
						"column": 18
					}
				},
				"loc": {
					"start": {
						"line": 90,
						"column": 37
					},
					"end": {
						"line": 90,
						"column": 55
					}
				},
				"line": 90
			},
			"7": {
				"name": "(anonymous_7)",
				"decl": {
					"start": {
						"line": 97,
						"column": 17
					},
					"end": {
						"line": 97,
						"column": 18
					}
				},
				"loc": {
					"start": {
						"line": 97,
						"column": 37
					},
					"end": {
						"line": 97,
						"column": 55
					}
				},
				"line": 97
			},
			"8": {
				"name": "(anonymous_8)",
				"decl": {
					"start": {
						"line": 103,
						"column": 20
					},
					"end": {
						"line": 103,
						"column": 21
					}
				},
				"loc": {
					"start": {
						"line": 103,
						"column": 26
					},
					"end": {
						"line": 106,
						"column": 2
					}
				},
				"line": 103
			},
			"9": {
				"name": "(anonymous_9)",
				"decl": {
					"start": {
						"line": 105,
						"column": 16
					},
					"end": {
						"line": 105,
						"column": 17
					}
				},
				"loc": {
					"start": {
						"line": 105,
						"column": 36
					},
					"end": {
						"line": 105,
						"column": 54
					}
				},
				"line": 105
			},
			"10": {
				"name": "(anonymous_10)",
				"decl": {
					"start": {
						"line": 108,
						"column": 22
					},
					"end": {
						"line": 108,
						"column": 23
					}
				},
				"loc": {
					"start": {
						"line": 108,
						"column": 39
					},
					"end": {
						"line": 119,
						"column": 2
					}
				},
				"line": 108
			},
			"11": {
				"name": "(anonymous_11)",
				"decl": {
					"start": {
						"line": 111,
						"column": 49
					},
					"end": {
						"line": 111,
						"column": 50
					}
				},
				"loc": {
					"start": {
						"line": 111,
						"column": 63
					},
					"end": {
						"line": 115,
						"column": 4
					}
				},
				"line": 111
			},
			"12": {
				"name": "(anonymous_12)",
				"decl": {
					"start": {
						"line": 121,
						"column": 21
					},
					"end": {
						"line": 121,
						"column": 22
					}
				},
				"loc": {
					"start": {
						"line": 121,
						"column": 32
					},
					"end": {
						"line": 129,
						"column": 2
					}
				},
				"line": 121
			},
			"13": {
				"name": "(anonymous_13)",
				"decl": {
					"start": {
						"line": 131,
						"column": 17
					},
					"end": {
						"line": 131,
						"column": 18
					}
				},
				"loc": {
					"start": {
						"line": 131,
						"column": 23
					},
					"end": {
						"line": 134,
						"column": 2
					}
				},
				"line": 131
			},
			"14": {
				"name": "(anonymous_14)",
				"decl": {
					"start": {
						"line": 133,
						"column": 9
					},
					"end": {
						"line": 133,
						"column": 10
					}
				},
				"loc": {
					"start": {
						"line": 133,
						"column": 15
					},
					"end": {
						"line": 133,
						"column": 63
					}
				},
				"line": 133
			}
		},
		"branchMap": {
			"0": {
				"loc": {
					"start": {
						"line": 59,
						"column": 3
					},
					"end": {
						"line": 65,
						"column": 4
					}
				},
				"type": "if",
				"locations": [
					{
						"start": {
							"line": 59,
							"column": 3
						},
						"end": {
							"line": 65,
							"column": 4
						}
					},
					{
						"start": {
							"line": 59,
							"column": 3
						},
						"end": {
							"line": 65,
							"column": 4
						}
					}
				],
				"line": 59
			},
			"1": {
				"loc": {
					"start": {
						"line": 60,
						"column": 4
					},
					"end": {
						"line": 62,
						"column": 5
					}
				},
				"type": "if",
				"locations": [
					{
						"start": {
							"line": 60,
							"column": 4
						},
						"end": {
							"line": 62,
							"column": 5
						}
					},
					{
						"start": {
							"line": 60,
							"column": 4
						},
						"end": {
							"line": 62,
							"column": 5
						}
					}
				],
				"line": 60
			},
			"2": {
				"loc": {
					"start": {
						"line": 82,
						"column": 2
					},
					"end": {
						"line": 100,
						"column": 3
					}
				},
				"type": "if",
				"locations": [
					{
						"start": {
							"line": 82,
							"column": 2
						},
						"end": {
							"line": 100,
							"column": 3
						}
					},
					{
						"start": {
							"line": 82,
							"column": 2
						},
						"end": {
							"line": 100,
							"column": 3
						}
					}
				],
				"line": 82
			},
			"3": {
				"loc": {
					"start": {
						"line": 83,
						"column": 3
					},
					"end": {
						"line": 87,
						"column": 30
					}
				},
				"type": "binary-expr",
				"locations": [
					{
						"start": {
							"line": 83,
							"column": 3
						},
						"end": {
							"line": 83,
							"column": 19
						}
					},
					{
						"start": {
							"line": 84,
							"column": 3
						},
						"end": {
							"line": 84,
							"column": 25
						}
					},
					{
						"start": {
							"line": 85,
							"column": 3
						},
						"end": {
							"line": 85,
							"column": 24
						}
					},
					{
						"start": {
							"line": 86,
							"column": 3
						},
						"end": {
							"line": 86,
							"column": 25
						}
					},
					{
						"start": {
							"line": 87,
							"column": 3
						},
						"end": {
							"line": 87,
							"column": 30
						}
					}
				],
				"line": 83
			},
			"4": {
				"loc": {
					"start": {
						"line": 91,
						"column": 9
					},
					"end": {
						"line": 100,
						"column": 3
					}
				},
				"type": "if",
				"locations": [
					{
						"start": {
							"line": 91,
							"column": 9
						},
						"end": {
							"line": 100,
							"column": 3
						}
					},
					{
						"start": {
							"line": 91,
							"column": 9
						},
						"end": {
							"line": 100,
							"column": 3
						}
					}
				],
				"line": 91
			},
			"5": {
				"loc": {
					"start": {
						"line": 92,
						"column": 3
					},
					"end": {
						"line": 94,
						"column": 35
					}
				},
				"type": "binary-expr",
				"locations": [
					{
						"start": {
							"line": 92,
							"column": 3
						},
						"end": {
							"line": 92,
							"column": 19
						}
					},
					{
						"start": {
							"line": 93,
							"column": 3
						},
						"end": {
							"line": 93,
							"column": 23
						}
					},
					{
						"start": {
							"line": 94,
							"column": 3
						},
						"end": {
							"line": 94,
							"column": 35
						}
					}
				],
				"line": 92
			},
			"6": {
				"loc": {
					"start": {
						"line": 110,
						"column": 2
					},
					"end": {
						"line": 118,
						"column": 3
					}
				},
				"type": "if",
				"locations": [
					{
						"start": {
							"line": 110,
							"column": 2
						},
						"end": {
							"line": 118,
							"column": 3
						}
					},
					{
						"start": {
							"line": 110,
							"column": 2
						},
						"end": {
							"line": 118,
							"column": 3
						}
					}
				],
				"line": 110
			},
			"7": {
				"loc": {
					"start": {
						"line": 122,
						"column": 2
					},
					"end": {
						"line": 128,
						"column": 3
					}
				},
				"type": "if",
				"locations": [
					{
						"start": {
							"line": 122,
							"column": 2
						},
						"end": {
							"line": 128,
							"column": 3
						}
					},
					{
						"start": {
							"line": 122,
							"column": 2
						},
						"end": {
							"line": 128,
							"column": 3
						}
					}
				],
				"line": 122
			},
			"8": {
				"loc": {
					"start": {
						"line": 123,
						"column": 3
					},
					"end": {
						"line": 127,
						"column": 4
					}
				},
				"type": "if",
				"locations": [
					{
						"start": {
							"line": 123,
							"column": 3
						},
						"end": {
							"line": 127,
							"column": 4
						}
					},
					{
						"start": {
							"line": 123,
							"column": 3
						},
						"end": {
							"line": 127,
							"column": 4
						}
					}
				],
				"line": 123
			},
			"9": {
				"loc": {
					"start": {
						"line": 148,
						"column": 5
					},
					"end": {
						"line": 154,
						"column": 5
					}
				},
				"type": "binary-expr",
				"locations": [
					{
						"start": {
							"line": 148,
							"column": 5
						},
						"end": {
							"line": 148,
							"column": 21
						}
					},
					{
						"start": {
							"line": 149,
							"column": 5
						},
						"end": {
							"line": 153,
							"column": 7
						}
					}
				],
				"line": 148
			},
			"10": {
				"loc": {
					"start": {
						"line": 155,
						"column": 5
					},
					"end": {
						"line": 163,
						"column": 5
					}
				},
				"type": "binary-expr",
				"locations": [
					{
						"start": {
							"line": 155,
							"column": 5
						},
						"end": {
							"line": 155,
							"column": 21
						}
					},
					{
						"start": {
							"line": 156,
							"column": 5
						},
						"end": {
							"line": 162,
							"column": 7
						}
					}
				],
				"line": 155
			},
			"11": {
				"loc": {
					"start": {
						"line": 164,
						"column": 5
					},
					"end": {
						"line": 170,
						"column": 5
					}
				},
				"type": "binary-expr",
				"locations": [
					{
						"start": {
							"line": 164,
							"column": 5
						},
						"end": {
							"line": 164,
							"column": 21
						}
					},
					{
						"start": {
							"line": 165,
							"column": 5
						},
						"end": {
							"line": 169,
							"column": 7
						}
					}
				],
				"line": 164
			},
			"12": {
				"loc": {
					"start": {
						"line": 172,
						"column": 6
					},
					"end": {
						"line": 180,
						"column": 6
					}
				},
				"type": "binary-expr",
				"locations": [
					{
						"start": {
							"line": 172,
							"column": 7
						},
						"end": {
							"line": 172,
							"column": 23
						}
					},
					{
						"start": {
							"line": 172,
							"column": 27
						},
						"end": {
							"line": 172,
							"column": 43
						}
					},
					{
						"start": {
							"line": 173,
							"column": 6
						},
						"end": {
							"line": 179,
							"column": 15
						}
					}
				],
				"line": 172
			},
			"13": {
				"loc": {
					"start": {
						"line": 181,
						"column": 6
					},
					"end": {
						"line": 189,
						"column": 6
					}
				},
				"type": "binary-expr",
				"locations": [
					{
						"start": {
							"line": 181,
							"column": 6
						},
						"end": {
							"line": 181,
							"column": 22
						}
					},
					{
						"start": {
							"line": 182,
							"column": 6
						},
						"end": {
							"line": 188,
							"column": 15
						}
					}
				],
				"line": 181
			},
			"14": {
				"loc": {
					"start": {
						"line": 190,
						"column": 6
					},
					"end": {
						"line": 199,
						"column": 6
					}
				},
				"type": "binary-expr",
				"locations": [
					{
						"start": {
							"line": 190,
							"column": 7
						},
						"end": {
							"line": 190,
							"column": 23
						}
					},
					{
						"start": {
							"line": 190,
							"column": 27
						},
						"end": {
							"line": 190,
							"column": 43
						}
					},
					{
						"start": {
							"line": 191,
							"column": 6
						},
						"end": {
							"line": 198,
							"column": 15
						}
					}
				],
				"line": 190
			},
			"15": {
				"loc": {
					"start": {
						"line": 193,
						"column": 8
					},
					"end": {
						"line": 193,
						"column": 70
					}
				},
				"type": "cond-expr",
				"locations": [
					{
						"start": {
							"line": 193,
							"column": 27
						},
						"end": {
							"line": 193,
							"column": 47
						}
					},
					{
						"start": {
							"line": 193,
							"column": 50
						},
						"end": {
							"line": 193,
							"column": 70
						}
					}
				],
				"line": 193
			},
			"16": {
				"loc": {
					"start": {
						"line": 201,
						"column": 16
					},
					"end": {
						"line": 201,
						"column": 48
					}
				},
				"type": "cond-expr",
				"locations": [
					{
						"start": {
							"line": 201,
							"column": 31
						},
						"end": {
							"line": 201,
							"column": 43
						}
					},
					{
						"start": {
							"line": 201,
							"column": 46
						},
						"end": {
							"line": 201,
							"column": 48
						}
					}
				],
				"line": 201
			}
		},
		"s": {
			"0": 5,
			"1": 5,
			"2": 0,
			"3": 0,
			"4": 0,
			"5": 0,
			"6": 0,
			"7": 0,
			"8": 0,
			"9": 0,
			"10": 0,
			"11": 0,
			"12": 0,
			"13": 0,
			"14": 0,
			"15": 0,
			"16": 0,
			"17": 0,
			"18": 0,
			"19": 0,
			"20": 0,
			"21": 0,
			"22": 0,
			"23": 0,
			"24": 0,
			"25": 0,
			"26": 0,
			"27": 0,
			"28": 0,
			"29": 0,
			"30": 0,
			"31": 0,
			"32": 0,
			"33": 0,
			"34": 0,
			"35": 0,
			"36": 0,
			"37": 0,
			"38": 0,
			"39": 0,
			"40": 0,
			"41": 0,
			"42": 0,
			"43": 0,
			"44": 0,
			"45": 0,
			"46": 0,
			"47": 0,
			"48": 0,
			"49": 0,
			"50": 0,
			"51": 0,
			"52": 0,
			"53": 0,
			"54": 0,
			"55": 0,
			"56": 0
		},
		"f": {
			"0": 0,
			"1": 0,
			"2": 0,
			"3": 0,
			"4": 0,
			"5": 0,
			"6": 0,
			"7": 0,
			"8": 0,
			"9": 0,
			"10": 0,
			"11": 0,
			"12": 0,
			"13": 0,
			"14": 0
		},
		"b": {
			"0": [0, 0],
			"1": [0, 0],
			"2": [0, 0],
			"3": [0, 0, 0, 0, 0],
			"4": [0, 0],
			"5": [0, 0, 0],
			"6": [0, 0],
			"7": [0, 0],
			"8": [0, 0],
			"9": [0, 0],
			"10": [0, 0],
			"11": [0, 0],
			"12": [0, 0, 0],
			"13": [0, 0],
			"14": [0, 0, 0],
			"15": [0, 0],
			"16": [0, 0]
		},
		"_coverageSchema": "43e27e138ebf9cfc5966b082cf9a028302ed4184",
		"hash": "4cc48eba84d1ac7db57be360978b9bcfd78bdbf6"
	},
	"/Users/itsina96/Desktop/criminal-appeals-fund/src/components/ApplicationCard/ApplicationCard.style.js": {
		"path": "/Users/itsina96/Desktop/criminal-appeals-fund/src/components/ApplicationCard/ApplicationCard.style.js",
		"statementMap": {
			"0": {
				"start": {
					"line": 3,
					"column": 33
				},
				"end": {
					"line": 13,
					"column": 1
				}
			},
			"1": {
				"start": {
					"line": 15,
					"column": 29
				},
				"end": {
					"line": 21,
					"column": 1
				}
			},
			"2": {
				"start": {
					"line": 23,
					"column": 24
				},
				"end": {
					"line": 29,
					"column": 1
				}
			}
		},
		"fnMap": {},
		"branchMap": {},
		"s": {
			"0": 5,
			"1": 5,
			"2": 5
		},
		"f": {},
		"b": {},
		"_coverageSchema": "43e27e138ebf9cfc5966b082cf9a028302ed4184",
		"hash": "8ca6ce4a74de76b914f2fc28f1d16f37542db242"
	},
	"/Users/itsina96/Desktop/criminal-appeals-fund/src/components/ApplicationCard/ApplicationCard.js": {
		"path": "/Users/itsina96/Desktop/criminal-appeals-fund/src/components/ApplicationCard/ApplicationCard.js",
		"statementMap": {
			"0": {
				"start": {
					"line": 19,
					"column": 18
				},
				"end": {
					"line": 50,
					"column": 3
				}
			},
			"1": {
				"start": {
					"line": 19,
					"column": 41
				},
				"end": {
					"line": 50,
					"column": 1
				}
			},
			"2": {
				"start": {
					"line": 52,
					"column": 24
				},
				"end": {
					"line": 228,
					"column": 1
				}
			},
			"3": {
				"start": {
					"line": 59,
					"column": 17
				},
				"end": {
					"line": 59,
					"column": 28
				}
			},
			"4": {
				"start": {
					"line": 60,
					"column": 37
				},
				"end": {
					"line": 60,
					"column": 54
				}
			},
			"5": {
				"start": {
					"line": 61,
					"column": 37
				},
				"end": {
					"line": 61,
					"column": 58
				}
			},
			"6": {
				"start": {
					"line": 62,
					"column": 15
				},
				"end": {
					"line": 62,
					"column": 59
				}
			},
			"7": {
				"start": {
					"line": 63,
					"column": 17
				},
				"end": {
					"line": 63,
					"column": 29
				}
			},
			"8": {
				"start": {
					"line": 65,
					"column": 21
				},
				"end": {
					"line": 72,
					"column": 2
				}
			},
			"9": {
				"start": {
					"line": 66,
					"column": 2
				},
				"end": {
					"line": 66,
					"column": 25
				}
			},
			"10": {
				"start": {
					"line": 67,
					"column": 2
				},
				"end": {
					"line": 67,
					"column": 42
				}
			},
			"11": {
				"start": {
					"line": 68,
					"column": 2
				},
				"end": {
					"line": 68,
					"column": 36
				}
			},
			"12": {
				"start": {
					"line": 69,
					"column": 2
				},
				"end": {
					"line": 69,
					"column": 46
				}
			},
			"13": {
				"start": {
					"line": 70,
					"column": 2
				},
				"end": {
					"line": 70,
					"column": 43
				}
			},
			"14": {
				"start": {
					"line": 71,
					"column": 2
				},
				"end": {
					"line": 71,
					"column": 27
				}
			},
			"15": {
				"start": {
					"line": 74,
					"column": 1
				},
				"end": {
					"line": 114,
					"column": 19
				}
			},
			"16": {
				"start": {
					"line": 75,
					"column": 24
				},
				"end": {
					"line": 112,
					"column": 3
				}
			},
			"17": {
				"start": {
					"line": 76,
					"column": 3
				},
				"end": {
					"line": 111,
					"column": 4
				}
			},
			"18": {
				"start": {
					"line": 78,
					"column": 5
				},
				"end": {
					"line": 78,
					"column": 22
				}
			},
			"19": {
				"start": {
					"line": 79,
					"column": 5
				},
				"end": {
					"line": 79,
					"column": 26
				}
			},
			"20": {
				"start": {
					"line": 80,
					"column": 5
				},
				"end": {
					"line": 80,
					"column": 11
				}
			},
			"21": {
				"start": {
					"line": 82,
					"column": 5
				},
				"end": {
					"line": 82,
					"column": 22
				}
			},
			"22": {
				"start": {
					"line": 83,
					"column": 5
				},
				"end": {
					"line": 83,
					"column": 25
				}
			},
			"23": {
				"start": {
					"line": 84,
					"column": 5
				},
				"end": {
					"line": 84,
					"column": 11
				}
			},
			"24": {
				"start": {
					"line": 86,
					"column": 5
				},
				"end": {
					"line": 86,
					"column": 22
				}
			},
			"25": {
				"start": {
					"line": 87,
					"column": 5
				},
				"end": {
					"line": 87,
					"column": 26
				}
			},
			"26": {
				"start": {
					"line": 88,
					"column": 5
				},
				"end": {
					"line": 88,
					"column": 11
				}
			},
			"27": {
				"start": {
					"line": 90,
					"column": 5
				},
				"end": {
					"line": 90,
					"column": 22
				}
			},
			"28": {
				"start": {
					"line": 91,
					"column": 5
				},
				"end": {
					"line": 91,
					"column": 25
				}
			},
			"29": {
				"start": {
					"line": 92,
					"column": 5
				},
				"end": {
					"line": 92,
					"column": 11
				}
			},
			"30": {
				"start": {
					"line": 94,
					"column": 5
				},
				"end": {
					"line": 94,
					"column": 22
				}
			},
			"31": {
				"start": {
					"line": 95,
					"column": 5
				},
				"end": {
					"line": 95,
					"column": 26
				}
			},
			"32": {
				"start": {
					"line": 96,
					"column": 5
				},
				"end": {
					"line": 96,
					"column": 11
				}
			},
			"33": {
				"start": {
					"line": 98,
					"column": 5
				},
				"end": {
					"line": 98,
					"column": 22
				}
			},
			"34": {
				"start": {
					"line": 99,
					"column": 5
				},
				"end": {
					"line": 99,
					"column": 26
				}
			},
			"35": {
				"start": {
					"line": 100,
					"column": 5
				},
				"end": {
					"line": 100,
					"column": 11
				}
			},
			"36": {
				"start": {
					"line": 102,
					"column": 5
				},
				"end": {
					"line": 102,
					"column": 23
				}
			},
			"37": {
				"start": {
					"line": 103,
					"column": 5
				},
				"end": {
					"line": 103,
					"column": 26
				}
			},
			"38": {
				"start": {
					"line": 104,
					"column": 5
				},
				"end": {
					"line": 104,
					"column": 11
				}
			},
			"39": {
				"start": {
					"line": 106,
					"column": 5
				},
				"end": {
					"line": 106,
					"column": 23
				}
			},
			"40": {
				"start": {
					"line": 107,
					"column": 5
				},
				"end": {
					"line": 107,
					"column": 26
				}
			},
			"41": {
				"start": {
					"line": 108,
					"column": 5
				},
				"end": {
					"line": 108,
					"column": 11
				}
			},
			"42": {
				"start": {
					"line": 110,
					"column": 5
				},
				"end": {
					"line": 110,
					"column": 23
				}
			},
			"43": {
				"start": {
					"line": 113,
					"column": 2
				},
				"end": {
					"line": 113,
					"column": 18
				}
			},
			"44": {
				"start": {
					"line": 116,
					"column": 1
				},
				"end": {
					"line": 227,
					"column": 3
				}
			},
			"45": {
				"start": {
					"line": 123,
					"column": 5
				},
				"end": {
					"line": 125,
					"column": 12
				}
			}
		},
		"fnMap": {
			"0": {
				"name": "(anonymous_0)",
				"decl": {
					"start": {
						"line": 19,
						"column": 29
					},
					"end": {
						"line": 19,
						"column": 30
					}
				},
				"loc": {
					"start": {
						"line": 19,
						"column": 41
					},
					"end": {
						"line": 50,
						"column": 1
					}
				},
				"line": 19
			},
			"1": {
				"name": "(anonymous_1)",
				"decl": {
					"start": {
						"line": 52,
						"column": 24
					},
					"end": {
						"line": 52,
						"column": 25
					}
				},
				"loc": {
					"start": {
						"line": 58,
						"column": 6
					},
					"end": {
						"line": 228,
						"column": 1
					}
				},
				"line": 58
			},
			"2": {
				"name": "(anonymous_2)",
				"decl": {
					"start": {
						"line": 65,
						"column": 21
					},
					"end": {
						"line": 65,
						"column": 22
					}
				},
				"loc": {
					"start": {
						"line": 65,
						"column": 32
					},
					"end": {
						"line": 72,
						"column": 2
					}
				},
				"line": 65
			},
			"3": {
				"name": "(anonymous_3)",
				"decl": {
					"start": {
						"line": 74,
						"column": 17
					},
					"end": {
						"line": 74,
						"column": 18
					}
				},
				"loc": {
					"start": {
						"line": 74,
						"column": 23
					},
					"end": {
						"line": 114,
						"column": 2
					}
				},
				"line": 74
			},
			"4": {
				"name": "(anonymous_4)",
				"decl": {
					"start": {
						"line": 75,
						"column": 24
					},
					"end": {
						"line": 75,
						"column": 25
					}
				},
				"loc": {
					"start": {
						"line": 75,
						"column": 30
					},
					"end": {
						"line": 112,
						"column": 3
					}
				},
				"line": 75
			},
			"5": {
				"name": "(anonymous_5)",
				"decl": {
					"start": {
						"line": 122,
						"column": 15
					},
					"end": {
						"line": 122,
						"column": 16
					}
				},
				"loc": {
					"start": {
						"line": 123,
						"column": 5
					},
					"end": {
						"line": 125,
						"column": 12
					}
				},
				"line": 123
			}
		},
		"branchMap": {
			"0": {
				"loc": {
					"start": {
						"line": 76,
						"column": 3
					},
					"end": {
						"line": 111,
						"column": 4
					}
				},
				"type": "switch",
				"locations": [
					{
						"start": {
							"line": 77,
							"column": 4
						},
						"end": {
							"line": 80,
							"column": 11
						}
					},
					{
						"start": {
							"line": 81,
							"column": 4
						},
						"end": {
							"line": 84,
							"column": 11
						}
					},
					{
						"start": {
							"line": 85,
							"column": 4
						},
						"end": {
							"line": 88,
							"column": 11
						}
					},
					{
						"start": {
							"line": 89,
							"column": 4
						},
						"end": {
							"line": 92,
							"column": 11
						}
					},
					{
						"start": {
							"line": 93,
							"column": 4
						},
						"end": {
							"line": 96,
							"column": 11
						}
					},
					{
						"start": {
							"line": 97,
							"column": 4
						},
						"end": {
							"line": 100,
							"column": 11
						}
					},
					{
						"start": {
							"line": 101,
							"column": 4
						},
						"end": {
							"line": 104,
							"column": 11
						}
					},
					{
						"start": {
							"line": 105,
							"column": 4
						},
						"end": {
							"line": 108,
							"column": 11
						}
					},
					{
						"start": {
							"line": 109,
							"column": 4
						},
						"end": {
							"line": 110,
							"column": 23
						}
					}
				],
				"line": 76
			},
			"1": {
				"loc": {
					"start": {
						"line": 138,
						"column": 5
					},
					"end": {
						"line": 148,
						"column": 5
					}
				},
				"type": "binary-expr",
				"locations": [
					{
						"start": {
							"line": 138,
							"column": 5
						},
						"end": {
							"line": 138,
							"column": 21
						}
					},
					{
						"start": {
							"line": 139,
							"column": 5
						},
						"end": {
							"line": 147,
							"column": 8
						}
					}
				],
				"line": 138
			},
			"2": {
				"loc": {
					"start": {
						"line": 150,
						"column": 5
					},
					"end": {
						"line": 167,
						"column": 5
					}
				},
				"type": "binary-expr",
				"locations": [
					{
						"start": {
							"line": 150,
							"column": 5
						},
						"end": {
							"line": 150,
							"column": 21
						}
					},
					{
						"start": {
							"line": 150,
							"column": 25
						},
						"end": {
							"line": 150,
							"column": 35
						}
					},
					{
						"start": {
							"line": 151,
							"column": 5
						},
						"end": {
							"line": 166,
							"column": 8
						}
					}
				],
				"line": 150
			},
			"3": {
				"loc": {
					"start": {
						"line": 168,
						"column": 5
					},
					"end": {
						"line": 178,
						"column": 5
					}
				},
				"type": "binary-expr",
				"locations": [
					{
						"start": {
							"line": 168,
							"column": 5
						},
						"end": {
							"line": 168,
							"column": 21
						}
					},
					{
						"start": {
							"line": 168,
							"column": 25
						},
						"end": {
							"line": 168,
							"column": 36
						}
					},
					{
						"start": {
							"line": 169,
							"column": 5
						},
						"end": {
							"line": 177,
							"column": 8
						}
					}
				],
				"line": 168
			},
			"4": {
				"loc": {
					"start": {
						"line": 179,
						"column": 5
					},
					"end": {
						"line": 195,
						"column": 5
					}
				},
				"type": "binary-expr",
				"locations": [
					{
						"start": {
							"line": 179,
							"column": 5
						},
						"end": {
							"line": 179,
							"column": 21
						}
					},
					{
						"start": {
							"line": 179,
							"column": 25
						},
						"end": {
							"line": 179,
							"column": 35
						}
					},
					{
						"start": {
							"line": 180,
							"column": 5
						},
						"end": {
							"line": 194,
							"column": 8
						}
					}
				],
				"line": 179
			},
			"5": {
				"loc": {
					"start": {
						"line": 196,
						"column": 5
					},
					"end": {
						"line": 206,
						"column": 5
					}
				},
				"type": "binary-expr",
				"locations": [
					{
						"start": {
							"line": 196,
							"column": 5
						},
						"end": {
							"line": 196,
							"column": 21
						}
					},
					{
						"start": {
							"line": 196,
							"column": 25
						},
						"end": {
							"line": 196,
							"column": 36
						}
					},
					{
						"start": {
							"line": 197,
							"column": 5
						},
						"end": {
							"line": 205,
							"column": 8
						}
					}
				],
				"line": 196
			},
			"6": {
				"loc": {
					"start": {
						"line": 207,
						"column": 5
					},
					"end": {
						"line": 212,
						"column": 5
					}
				},
				"type": "binary-expr",
				"locations": [
					{
						"start": {
							"line": 207,
							"column": 5
						},
						"end": {
							"line": 207,
							"column": 21
						}
					},
					{
						"start": {
							"line": 208,
							"column": 5
						},
						"end": {
							"line": 211,
							"column": 8
						}
					}
				],
				"line": 207
			},
			"7": {
				"loc": {
					"start": {
						"line": 213,
						"column": 5
					},
					"end": {
						"line": 218,
						"column": 5
					}
				},
				"type": "binary-expr",
				"locations": [
					{
						"start": {
							"line": 213,
							"column": 5
						},
						"end": {
							"line": 213,
							"column": 22
						}
					},
					{
						"start": {
							"line": 214,
							"column": 5
						},
						"end": {
							"line": 217,
							"column": 8
						}
					}
				],
				"line": 213
			},
			"8": {
				"loc": {
					"start": {
						"line": 219,
						"column": 5
					},
					"end": {
						"line": 224,
						"column": 5
					}
				},
				"type": "binary-expr",
				"locations": [
					{
						"start": {
							"line": 219,
							"column": 5
						},
						"end": {
							"line": 219,
							"column": 22
						}
					},
					{
						"start": {
							"line": 220,
							"column": 5
						},
						"end": {
							"line": 223,
							"column": 8
						}
					}
				],
				"line": 219
			}
		},
		"s": {
			"0": 5,
			"1": 0,
			"2": 5,
			"3": 0,
			"4": 0,
			"5": 0,
			"6": 0,
			"7": 0,
			"8": 0,
			"9": 0,
			"10": 0,
			"11": 0,
			"12": 0,
			"13": 0,
			"14": 0,
			"15": 0,
			"16": 0,
			"17": 0,
			"18": 0,
			"19": 0,
			"20": 0,
			"21": 0,
			"22": 0,
			"23": 0,
			"24": 0,
			"25": 0,
			"26": 0,
			"27": 0,
			"28": 0,
			"29": 0,
			"30": 0,
			"31": 0,
			"32": 0,
			"33": 0,
			"34": 0,
			"35": 0,
			"36": 0,
			"37": 0,
			"38": 0,
			"39": 0,
			"40": 0,
			"41": 0,
			"42": 0,
			"43": 0,
			"44": 0,
			"45": 0
		},
		"f": {
			"0": 0,
			"1": 0,
			"2": 0,
			"3": 0,
			"4": 0,
			"5": 0
		},
		"b": {
			"0": [0, 0, 0, 0, 0, 0, 0, 0, 0],
			"1": [0, 0],
			"2": [0, 0, 0],
			"3": [0, 0, 0],
			"4": [0, 0, 0],
			"5": [0, 0, 0],
			"6": [0, 0],
			"7": [0, 0],
			"8": [0, 0]
		},
		"_coverageSchema": "43e27e138ebf9cfc5966b082cf9a028302ed4184",
		"hash": "336498159443aa16362cf0ae3a9ec91b48c6cf72"
	},
	"/Users/itsina96/Desktop/criminal-appeals-fund/src/pages/ProfilePage/ProfilePage.style.js": {
		"path": "/Users/itsina96/Desktop/criminal-appeals-fund/src/pages/ProfilePage/ProfilePage.style.js",
		"statementMap": {
			"0": {
				"start": {
					"line": 3,
					"column": 27
				},
				"end": {
					"line": 13,
					"column": 1
				}
			},
			"1": {
				"start": {
					"line": 15,
					"column": 30
				},
				"end": {
					"line": 15,
					"column": 46
				}
			},
			"2": {
				"start": {
					"line": 17,
					"column": 22
				},
				"end": {
					"line": 28,
					"column": 1
				}
			},
			"3": {
				"start": {
					"line": 30,
					"column": 22
				},
				"end": {
					"line": 32,
					"column": 1
				}
			}
		},
		"fnMap": {},
		"branchMap": {},
		"s": {
			"0": 5,
			"1": 5,
			"2": 5,
			"3": 5
		},
		"f": {},
		"b": {},
		"_coverageSchema": "43e27e138ebf9cfc5966b082cf9a028302ed4184",
		"hash": "93f6d607fb03da49071e4c7d184d27c7852d5e74"
	},
	"/Users/itsina96/Desktop/criminal-appeals-fund/src/pages/ProfilePage/ProfilePage.js": {
		"path": "/Users/itsina96/Desktop/criminal-appeals-fund/src/pages/ProfilePage/ProfilePage.js",
		"statementMap": {
			"0": {
				"start": {
					"line": 14,
					"column": 18
				},
				"end": {
					"line": 14,
					"column": 43
				}
			},
			"1": {
				"start": {
					"line": 16,
					"column": 20
				},
				"end": {
					"line": 110,
					"column": 1
				}
			},
			"2": {
				"start": {
					"line": 17,
					"column": 17
				},
				"end": {
					"line": 17,
					"column": 28
				}
			},
			"3": {
				"start": {
					"line": 18,
					"column": 15
				},
				"end": {
					"line": 18,
					"column": 43
				}
			},
			"4": {
				"start": {
					"line": 19,
					"column": 1
				},
				"end": {
					"line": 19,
					"column": 33
				}
			},
			"5": {
				"start": {
					"line": 20,
					"column": 1
				},
				"end": {
					"line": 20,
					"column": 35
				}
			},
			"6": {
				"start": {
					"line": 21,
					"column": 1
				},
				"end": {
					"line": 21,
					"column": 34
				}
			},
			"7": {
				"start": {
					"line": 22,
					"column": 1
				},
				"end": {
					"line": 22,
					"column": 34
				}
			},
			"8": {
				"start": {
					"line": 23,
					"column": 25
				},
				"end": {
					"line": 23,
					"column": 43
				}
			},
			"9": {
				"start": {
					"line": 24,
					"column": 33
				},
				"end": {
					"line": 24,
					"column": 54
				}
			},
			"10": {
				"start": {
					"line": 25,
					"column": 53
				},
				"end": {
					"line": 25,
					"column": 71
				}
			},
			"11": {
				"start": {
					"line": 26,
					"column": 53
				},
				"end": {
					"line": 28,
					"column": 2
				}
			},
			"12": {
				"start": {
					"line": 30,
					"column": 24
				},
[...]
						"line": 88,
						"column": 3
					},
					"end": {
						"line": 92,
						"column": 25
					}
				},
				"type": "binary-expr",
				"locations": [
					{
						"start": {
							"line": 88,
							"column": 3
						},
						"end": {
							"line": 88,
							"column": 19
						}
					},
					{
						"start": {
							"line": 89,
							"column": 3
						},
						"end": {
							"line": 89,
							"column": 24
						}
					},
					{
						"start": {
							"line": 90,
							"column": 3
						},
						"end": {
							"line": 90,
							"column": 29
						}
					},
					{
						"start": {
							"line": 91,
							"column": 3
						},
						"end": {
							"line": 91,
							"column": 25
						}
					},
					{
						"start": {
							"line": 92,
							"column": 3
						},
						"end": {
							"line": 92,
							"column": 25
						}
					}
				],
				"line": 88
			},
			"6": {
				"loc": {
					"start": {
						"line": 95,
						"column": 9
					},
					"end": {
						"line": 104,
						"column": 3
					}
				},
				"type": "if",
				"locations": [
					{
						"start": {
							"line": 95,
							"column": 9
						},
						"end": {
							"line": 104,
							"column": 3
						}
					},
					{
						"start": {
							"line": 95,
							"column": 9
						},
						"end": {
							"line": 104,
							"column": 3
						}
					}
				],
				"line": 95
			},
			"7": {
				"loc": {
					"start": {
						"line": 96,
						"column": 3
					},
					"end": {
						"line": 98,
						"column": 32
					}
				},
				"type": "binary-expr",
				"locations": [
					{
						"start": {
							"line": 96,
							"column": 3
						},
						"end": {
							"line": 96,
							"column": 19
						}
					},
					{
						"start": {
							"line": 97,
							"column": 3
						},
						"end": {
							"line": 97,
							"column": 33
						}
					},
					{
						"start": {
							"line": 98,
							"column": 3
						},
						"end": {
							"line": 98,
							"column": 32
						}
					}
				],
				"line": 96
			},
			"8": {
				"loc": {
					"start": {
						"line": 119,
						"column": 2
					},
					"end": {
						"line": 125,
						"column": 3
					}
				},
				"type": "if",
				"locations": [
					{
						"start": {
							"line": 119,
							"column": 2
						},
						"end": {
							"line": 125,
							"column": 3
						}
					},
					{
						"start": {
							"line": 119,
							"column": 2
						},
						"end": {
							"line": 125,
							"column": 3
						}
					}
				],
				"line": 119
			},
			"9": {
				"loc": {
					"start": {
						"line": 141,
						"column": 6
					},
					"end": {
						"line": 141,
						"column": 43
					}
				},
				"type": "binary-expr",
				"locations": [
					{
						"start": {
							"line": 141,
							"column": 6
						},
						"end": {
							"line": 141,
							"column": 22
						}
					},
					{
						"start": {
							"line": 141,
							"column": 26
						},
						"end": {
							"line": 141,
							"column": 43
						}
					}
				],
				"line": 141
			},
			"10": {
				"loc": {
					"start": {
						"line": 142,
						"column": 6
					},
					"end": {
						"line": 147,
						"column": 6
					}
				},
				"type": "binary-expr",
				"locations": [
					{
						"start": {
							"line": 142,
							"column": 6
						},
						"end": {
							"line": 142,
							"column": 22
						}
					},
					{
						"start": {
							"line": 143,
							"column": 6
						},
						"end": {
							"line": 146,
							"column": 44
						}
					}
				],
				"line": 142
			},
			"11": {
				"loc": {
					"start": {
						"line": 148,
						"column": 6
					},
					"end": {
						"line": 153,
						"column": 6
					}
				},
				"type": "binary-expr",
				"locations": [
					{
						"start": {
							"line": 148,
							"column": 6
						},
						"end": {
							"line": 148,
							"column": 22
						}
					},
					{
						"start": {
							"line": 149,
							"column": 6
						},
						"end": {
							"line": 152,
							"column": 54
						}
					}
				],
				"line": 148
			},
			"12": {
				"loc": {
					"start": {
						"line": 154,
						"column": 6
					},
					"end": {
						"line": 159,
						"column": 6
					}
				},
				"type": "binary-expr",
				"locations": [
					{
						"start": {
							"line": 154,
							"column": 6
						},
						"end": {
							"line": 154,
							"column": 22
						}
					},
					{
						"start": {
							"line": 155,
							"column": 6
						},
						"end": {
							"line": 158,
							"column": 28
						}
					}
				],
				"line": 154
			},
			"13": {
				"loc": {
					"start": {
						"line": 160,
						"column": 6
					},
					"end": {
						"line": 165,
						"column": 6
					}
				},
				"type": "binary-expr",
				"locations": [
					{
						"start": {
							"line": 160,
							"column": 6
						},
						"end": {
							"line": 160,
							"column": 22
						}
					},
					{
						"start": {
							"line": 161,
							"column": 6
						},
						"end": {
							"line": 164,
							"column": 42
						}
					}
				],
				"line": 160
			},
			"14": {
				"loc": {
					"start": {
						"line": 167,
						"column": 7
					},
					"end": {
						"line": 171,
						"column": 7
					}
				},
				"type": "binary-expr",
				"locations": [
					{
						"start": {
							"line": 167,
							"column": 7
						},
						"end": {
							"line": 167,
							"column": 23
						}
					},
					{
						"start": {
							"line": 168,
							"column": 7
						},
						"end": {
							"line": 170,
							"column": 16
						}
					}
				],
				"line": 167
			},
			"15": {
				"loc": {
					"start": {
						"line": 172,
						"column": 7
					},
					"end": {
						"line": 177,
						"column": 7
					}
				},
				"type": "binary-expr",
				"locations": [
					{
						"start": {
							"line": 172,
							"column": 7
						},
						"end": {
							"line": 172,
							"column": 23
						}
					},
					{
						"start": {
							"line": 173,
							"column": 7
						},
						"end": {
							"line": 176,
							"column": 16
						}
					}
				],
				"line": 172
			},
			"16": {
				"loc": {
					"start": {
						"line": 178,
						"column": 7
					},
					"end": {
						"line": 185,
						"column": 7
					}
				},
				"type": "binary-expr",
				"locations": [
					{
						"start": {
							"line": 178,
							"column": 7
						},
						"end": {
							"line": 178,
							"column": 23
						}
					},
					{
						"start": {
							"line": 179,
							"column": 7
						},
						"end": {
							"line": 184,
							"column": 16
						}
					}
				],
				"line": 178
			},
			"17": {
				"loc": {
					"start": {
						"line": 187,
						"column": 17
					},
					"end": {
						"line": 187,
						"column": 49
					}
				},
				"type": "cond-expr",
				"locations": [
					{
						"start": {
							"line": 187,
							"column": 32
						},
						"end": {
							"line": 187,
							"column": 44
						}
					},
					{
						"start": {
							"line": 187,
							"column": 47
						},
						"end": {
							"line": 187,
							"column": 49
						}
					}
				],
				"line": 187
			}
		},
		"s": {
			"0": 5,
			"1": 5,
			"2": 0,
			"3": 0,
			"4": 0,
			"5": 0,
			"6": 0,
			"7": 0,
			"8": 0,
			"9": 0,
			"10": 0,
			"11": 0,
			"12": 0,
			"13": 0,
			"14": 0,
			"15": 0,
			"16": 0,
			"17": 0,
			"18": 0,
			"19": 0,
			"20": 0,
			"21": 0,
			"22": 0,
			"23": 0,
			"24": 0,
			"25": 0,
			"26": 0,
			"27": 0,
			"28": 0,
			"29": 0,
			"30": 0,
			"31": 0,
			"32": 0,
			"33": 0,
			"34": 0,
			"35": 0,
			"36": 0,
			"37": 0,
			"38": 0,
			"39": 0,
			"40": 0,
			"41": 0,
			"42": 0,
			"43": 0,
			"44": 0,
			"45": 0,
			"46": 0,
			"47": 0
		},
		"f": {
			"0": 0,
			"1": 0,
			"2": 0,
			"3": 0,
			"4": 0,
			"5": 0,
			"6": 0,
			"7": 0,
			"8": 0,
			"9": 0,
			"10": 0,
			"11": 0,
			"12": 0
		},
		"b": {
			"0": [0, 0],
			"1": [0, 0],
			"2": [0, 0],
			"3": [0, 0],
			"4": [0, 0],
			"5": [0, 0, 0, 0, 0],
			"6": [0, 0],
			"7": [0, 0, 0],
			"8": [0, 0],
			"9": [0, 0],
			"10": [0, 0],
			"11": [0, 0],
			"12": [0, 0],
			"13": [0, 0],
			"14": [0, 0],
			"15": [0, 0],
			"16": [0, 0],
			"17": [0, 0]
		},
		"_coverageSchema": "43e27e138ebf9cfc5966b082cf9a028302ed4184",
		"hash": "f73d1a0894e6a095e07340b1b2709dd745cf532c"
	},
	"/Users/itsina96/Desktop/criminal-appeals-fund/src/pages/UploadAdditionalDocsPage/UploadAdditionalDocs.js": {
		"path": "/Users/itsina96/Desktop/criminal-appeals-fund/src/pages/UploadAdditionalDocsPage/UploadAdditionalDocs.js",
		"statementMap": {
			"0": {
				"start": {
					"line": 8,
					"column": 24
				},
				"end": {
					"line": 61,
					"column": 1
				}
			},
			"1": {
				"start": {
					"line": 9,
					"column": 41
				},
				"end": {
					"line": 9,
					"column": 62
				}
			},
			"2": {
				"start": {
					"line": 10,
					"column": 17
				},
				"end": {
					"line": 10,
					"column": 29
				}
			},
			"3": {
				"start": {
					"line": 11,
					"column": 19
				},
				"end": {
					"line": 11,
					"column": 47
				}
			},
			"4": {
				"start": {
					"line": 12,
					"column": 16
				},
				"end": {
					"line": 12,
					"column": 46
				}
			},
			"5": {
				"start": {
					"line": 13,
					"column": 15
				},
				"end": {
					"line": 13,
					"column": 44
				}
			},
			"6": {
				"start": {
					"line": 14,
					"column": 15
				},
				"end": {
					"line": 14,
					"column": 44
				}
			},
			"7": {
				"start": {
					"line": 15,
					"column": 21
				},
				"end": {
					"line": 34,
					"column": 2
				}
			},
			"8": {
				"start": {
					"line": 16,
					"column": 21
				},
				"end": {
					"line": 16,
					"column": 76
				}
			},
			"9": {
				"start": {
					"line": 18,
					"column": 24
				},
				"end": {
					"line": 23,
					"column": 3
				}
			},
			"10": {
				"start": {
					"line": 25,
					"column": 2
				},
				"end": {
					"line": 33,
					"column": 5
				}
			},
			"11": {
				"start": {
					"line": 26,
					"column": 3
				},
				"end": {
					"line": 32,
					"column": 4
				}
			},
			"12": {
				"start": {
					"line": 27,
					"column": 4
				},
				"end": {
					"line": 29,
					"column": 5
				}
			},
			"13": {
				"start": {
					"line": 28,
					"column": 5
				},
				"end": {
					"line": 28,
					"column": 27
				}
			},
			"14": {
				"start": {
					"line": 31,
					"column": 4
				},
				"end": {
					"line": 31,
					"column": 23
				}
			},
			"15": {
				"start": {
					"line": 36,
					"column": 21
				},
				"end": {
					"line": 43,
					"column": 2
				}
			},
			"16": {
				"start": {
					"line": 37,
					"column": 2
				},
				"end": {
					"line": 42,
					"column": 3
				}
			},
			"17": {
				"start": {
					"line": 40,
					"column": 3
				},
				"end": {
					"line": 40,
					"column": 56
				}
			},
			"18": {
				"start": {
					"line": 41,
					"column": 3
				},
				"end": {
					"line": 41,
					"column": 28
				}
			},
			"19": {
				"start": {
					"line": 45,
					"column": 1
				},
				"end": {
					"line": 60,
					"column": 3
				}
			}
		},
		"fnMap": {
			"0": {
				"name": "(anonymous_0)",
				"decl": {
					"start": {
						"line": 8,
						"column": 24
					},
					"end": {
						"line": 8,
						"column": 25
					}
				},
				"loc": {
					"start": {
						"line": 8,
						"column": 30
					},
					"end": {
						"line": 61,
						"column": 1
					}
				},
				"line": 8
			},
			"1": {
				"name": "(anonymous_1)",
				"decl": {
					"start": {
						"line": 15,
						"column": 21
					},
					"end": {
						"line": 15,
						"column": 22
					}
				},
				"loc": {
					"start": {
						"line": 15,
						"column": 27
					},
					"end": {
						"line": 34,
						"column": 2
					}
				},
				"line": 15
			},
			"2": {
				"name": "(anonymous_2)",
				"decl": {
					"start": {
						"line": 25,
						"column": 34
					},
					"end": {
						"line": 25,
						"column": 35
					}
				},
				"loc": {
					"start": {
						"line": 25,
						"column": 53
					},
					"end": {
						"line": 33,
						"column": 3
					}
				},
				"line": 25
			},
			"3": {
				"name": "(anonymous_3)",
				"decl": {
					"start": {
						"line": 36,
						"column": 21
					},
					"end": {
						"line": 36,
						"column": 22
					}
				},
				"loc": {
					"start": {
						"line": 36,
						"column": 27
					},
					"end": {
						"line": 43,
						"column": 2
					}
				},
				"line": 36
			}
		},
		"branchMap": {
			"0": {
				"loc": {
					"start": {
						"line": 16,
						"column": 21
					},
					"end": {
						"line": 16,
						"column": 76
					}
				},
				"type": "cond-expr",
				"locations": [
					{
						"start": {
							"line": 16,
							"column": 49
						},
						"end": {
							"line": 16,
							"column": 64
						}
					},
					{
						"start": {
							"line": 16,
							"column": 67
						},
						"end": {
							"line": 16,
							"column": 76
						}
					}
				],
				"line": 16
			},
			"1": {
				"loc": {
					"start": {
						"line": 26,
						"column": 3
					},
					"end": {
						"line": 32,
						"column": 4
					}
				},
				"type": "if",
				"locations": [
					{
						"start": {
							"line": 26,
							"column": 3
						},
						"end": {
							"line": 32,
							"column": 4
						}
					},
					{
						"start": {
							"line": 26,
							"column": 3
						},
						"end": {
							"line": 32,
							"column": 4
						}
					}
				],
				"line": 26
			},
			"2": {
				"loc": {
					"start": {
						"line": 27,
						"column": 4
					},
					"end": {
						"line": 29,
						"column": 5
					}
				},
				"type": "if",
				"locations": [
					{
						"start": {
							"line": 27,
							"column": 4
						},
						"end": {
							"line": 29,
							"column": 5
						}
					},
					{
						"start": {
							"line": 27,
							"column": 4
						},
						"end": {
							"line": 29,
							"column": 5
						}
					}
				],
				"line": 27
			},
			"3": {
				"loc": {
					"start": {
						"line": 37,
						"column": 2
					},
					"end": {
						"line": 42,
						"column": 3
					}
				},
				"type": "if",
				"locations": [
					{
						"start": {
							"line": 37,
							"column": 2
						},
						"end": {
							"line": 42,
							"column": 3
						}
					},
					{
						"start": {
							"line": 37,
							"column": 2
						},
						"end": {
							"line": 42,
							"column": 3
						}
					}
				],
				"line": 37
			}
		},
		"s": {
			"0": 5,
			"1": 0,
			"2": 0,
			"3": 0,
			"4": 0,
			"5": 0,
			"6": 0,
			"7": 0,
			"8": 0,
			"9": 0,
			"10": 0,
			"11": 0,
			"12": 0,
			"13": 0,
			"14": 0,
			"15": 0,
			"16": 0,
			"17": 0,
			"18": 0,
			"19": 0
		},
		"f": {
			"0": 0,
			"1": 0,
			"2": 0,
			"3": 0
		},
		"b": {
			"0": [0, 0],
			"1": [0, 0],
			"2": [0, 0],
			"3": [0, 0]
		},
		"_coverageSchema": "43e27e138ebf9cfc5966b082cf9a028302ed4184",
		"hash": "0545e170fa3d47c5dbb1a0863291eb96ca158f25"
	},
	"/Users/itsina96/Desktop/criminal-appeals-fund/src/Pages.js": {
		"path": "/Users/itsina96/Desktop/criminal-appeals-fund/src/Pages.js",
		"statementMap": {},
		"fnMap": {},
		"branchMap": {},
		"s": {},
		"f": {},
		"b": {},
		"_coverageSchema": "43e27e138ebf9cfc5966b082cf9a028302ed4184",
		"hash": "2ae0e77b4a977e651241f0115c9eeec1358e4fb8"
	},
	"/Users/itsina96/Desktop/criminal-appeals-fund/src/StyledComponents/PageStyles.style.js": {
		"path": "/Users/itsina96/Desktop/criminal-appeals-fund/src/StyledComponents/PageStyles.style.js",
		"statementMap": {
			"0": {
				"start": {
					"line": 3,
					"column": 20
				},
				"end": {
					"line": 6,
					"column": 1
				}
			}
		},
		"fnMap": {},
		"branchMap": {},
		"s": {
			"0": 5
		},
		"f": {},
		"b": {},
		"_coverageSchema": "43e27e138ebf9cfc5966b082cf9a028302ed4184",
		"hash": "c7227c0305a68d030582c4f3f5d63c4e9a24ebac"
	},
	"/Users/itsina96/Desktop/criminal-appeals-fund/src/App.js": {
		"path": "/Users/itsina96/Desktop/criminal-appeals-fund/src/App.js",
		"statementMap": {
			"0": {
				"start": {
					"line": 15,
					"column": 19
				},
				"end": {
					"line": 28,
					"column": 2
				}
			},
			"1": {
				"start": {
					"line": 16,
					"column": 16
				},
				"end": {
					"line": 16,
					"column": 44
				}
			},
			"2": {
				"start": {
					"line": 17,
					"column": 2
				},
				"end": {
					"line": 27,
					"column": 3
				}
			},
			"3": {
				"start": {
					"line": 18,
					"column": 3
				},
				"end": {
					"line": 18,
					"column": 49
				}
			},
			"4": {
				"start": {
					"line": 19,
					"column": 9
				},
				"end": {
					"line": 27,
					"column": 3
				}
			},
			"5": {
				"start": {
					"line": 20,
					"column": 3
				},
				"end": {
					"line": 20,
					"column": 49
				}
			},
			"6": {
				"start": {
					"line": 22,
					"column": 3
				},
				"end": {
					"line": 26,
					"column": 5
				}
			},
			"7": {
				"start": {
					"line": 30,
					"column": 1
				},
				"end": {
					"line": 43,
					"column": 3
				}
			}
		},
		"fnMap": {
			"0": {
				"name": "App",
				"decl": {
					"start": {
						"line": 14,
						"column": 9
					},
					"end": {
						"line": 14,
						"column": 12
					}
				},
				"loc": {
					"start": {
						"line": 14,
						"column": 15
					},
					"end": {
						"line": 44,
						"column": 1
					}
				},
				"line": 14
			},
			"1": {
				"name": "(anonymous_1)",
				"decl": {
					"start": {
						"line": 15,
						"column": 19
					},
					"end": {
						"line": 15,
						"column": 20
					}
				},
				"loc": {
					"start": {
						"line": 15,
						"column": 44
					},
					"end": {
						"line": 28,
						"column": 2
					}
				},
				"line": 15
			}
		},
		"branchMap": {
			"0": {
				"loc": {
					"start": {
						"line": 17,
						"column": 2
					},
					"end": {
						"line": 27,
						"column": 3
					}
				},
				"type": "if",
				"locations": [
					{
						"start": {
							"line": 17,
							"column": 2
						},
						"end": {
							"line": 27,
							"column": 3
						}
					},
					{
						"start": {
							"line": 17,
							"column": 2
						},
						"end": {
							"line": 27,
							"column": 3
						}
					}
				],
				"line": 17
			},
			"1": {
				"loc": {
					"start": {
						"line": 19,
						"column": 9
					},
					"end": {
						"line": 27,
						"column": 3
					}
				},
				"type": "if",
				"locations": [
					{
						"start": {
							"line": 19,
							"column": 9
						},
						"end": {
							"line": 27,
							"column": 3
						}
					},
					{
						"start": {
							"line": 19,
							"column": 9
						},
						"end": {
							"line": 27,
							"column": 3
						}
					}
				],
				"line": 19
			},
			"2": {
				"loc": {
					"start": {
						"line": 19,
						"column": 13
					},
					"end": {
						"line": 19,
						"column": 52
					}
				},
				"type": "binary-expr",
				"locations": [
					{
						"start": {
							"line": 19,
							"column": 13
						},
						"end": {
							"line": 19,
							"column": 31
						}
					},
					{
						"start": {
							"line": 19,
							"column": 35
						},
						"end": {
							"line": 19,
							"column": 52
						}
					}
				],
				"line": 19
			}
		},
		"s": {
			"0": 5,
			"1": 8,
			"2": 8,
			"3": 1,
			"4": 7,
			"5": 3,
			"6": 4,
			"7": 5
		},
		"f": {
			"0": 5,
			"1": 8
		},
		"b": {
			"0": [1, 7],
			"1": [3, 4],
			"2": [7, 7]
		},
		"_coverageSchema": "43e27e138ebf9cfc5966b082cf9a028302ed4184",
		"hash": "f5a3b09fa554d27e421fcd14e6b7764518f8b6d9"
	},
	"/Users/itsina96/Desktop/criminal-appeals-fund/src/index.js": {
		"path": "/Users/itsina96/Desktop/criminal-appeals-fund/src/index.js",
		"statementMap": {
			"0": {
				"start": {
					"line": 5,
					"column": 0
				},
				"end": {
					"line": 10,
					"column": 2
				}
			}
		},
		"fnMap": {},
		"branchMap": {},
		"s": {
			"0": 5
		},
		"f": {},
		"b": {},
		"_coverageSchema": "43e27e138ebf9cfc5966b082cf9a028302ed4184",
		"hash": "fe20e8c045139b6377b62e0b4e81557fbfeb5a98"
	}
}
